Another try
https://www.lankhorst-hohorst.de/Katalog/Wasser+und+Tanksysteme/Trinkwassersysteme%c2%a7Druckwasserpumpen/Rule/ProduktGruppe.aspx
Description:
<br><br>https://www.lankhorst-hohorst.de/Katalog/Wasser+und+Tanksysteme/Trinkwassersysteme%c2%a7Druckwasserpumpen/Jabsco/PAR-Max+1+PLUS/Produkt.aspx
Description:
<br>• gemäß USCG 183.410 und ISO 8846 Marine (Zündschutz)<br>• Förderleistung bis 3,8l/min<br>• Trinkwasserpumpe für 1 oder 2 Anschlüsse 10mm (3/8")<br>• selbstansaugend bis 1,80m Höhe<br>• termisch gesichert, Motor stoppt automatisch bei Überlastung mit automatischer Neustartfunktion<br>• Einschaltdruck 22psi (1,5bar), Abschaltdruck 35psi (2,4bar)<br>• Maße: HxBxL 68 x 103 x 164mm<br>• Gewicht 0,6kg<br>https://www.lankhorst-hohorst.de/Katalog/Wasser+und+Tanksysteme/Trinkwassersysteme%c2%a7Druckwasserpumpen/Jabsco/PAR-Max+1%c2%b79/Produkt.aspx
Description:
<br>• gemäß ISO 8846 Marine (Zündschutz)<br>• Schlauchanschluss 13mm (1/2")<br>• Förderleistung bis 7,2l/min<br>• selbstansaugend bis 1,8m Höhe<br>• Abschaltdruck 25psi (1,7bar)<br>• Maße: HxBxL 121 x 106 x 229mm<br>• Gewicht 1,4kg<br>https://www.lankhorst-hohorst.de/Katalog/Wasser+und+Tanksysteme/Trinkwassersysteme%c2%a7Druckwasserpumpen/Jabsco/PAR-Max+2%c2%b79/Produkt.aspx
Description:
<br>• gemäß ISO 8846 Marine (Zündschutz)<br>• Schlauchanschluss 13mm (1/2")<br>• Förderleistung bis 11l/min<br>• selbstansaugend bis 3m Höhe<br>• Abschaltdruck  25psi (1,7bar)  oder 40psi (2,8bar)<br>• Maße: HxBxL 121 x 106 x 229mm<br>• Gewicht 1,8kg<br>https://www.lankhorst-hohorst.de/Katalog/Wasser+und+Tanksysteme/Trinkwassersysteme%c2%a7Druckwasserpumpen/Jabsco/PAR-Max+3%c2%b75/Produkt.aspx
Description:
<br>• gemäß  ISO 8846 Marine (Zündschutz)<br>• Förderleistung bis 13,2l/min<br>• Schlauchanschluss 13mm (1/2")<br>• kann trockenlaufen<br>• selbstansaugend bis 1,5m<br>• Abschaltdruck 40psi (2,8bar)<br>• Maße: HxBxL 121 x 106 x 229mm<br>• Gewicht: 2,1kg<br>https://www.lankhorst-hohorst.de/Katalog/Wasser+und+Tanksysteme/Trinkwassersysteme%c2%a7Druckwasserpumpen/Jabsco/PAR-Max+4%c2%b70/Produkt.aspx
Description:
<br>• gemäß  ISO 8846 Marine (Zündschutz)<br>• geräuscharme Trinkwasserpumpe<br>• max.Entnahmestellen 4 x 13mm (1/2") oder 5 x 10mm (3/8")<br>• Förderleistung bis 14l/min<br>• Schlauchanschluß 13mm (1/2")<br>• selbstansaugend bis 1,5m Höhe<br>• Abschaltdruck 40psi (2,8bar)<br>• Maße: HxBxL 100 x 106 x 250mm<br>• Gewicht 2,7kg<br>https://www.lankhorst-hohorst.de/Katalog/Wasser+und+Tanksysteme/Trinkwassersysteme%c2%a7Druckwasserpumpen/Jabsco/PAR-Max+Plus+Serie/Produkt.aspx
Description:
<br>Gleichmäßiger Wasserstrom und problemloser Betrieb an bis zu 5 Wasserentnahmestellen.<br><br>Die hohe Druckleistung  der neuen Druckwasserpumpen Serie Jabsco PAR-Max Plus™ sorgt für einen außergewöhnlich gleichmäßigen Wasserstrom und konstanten Wasserdruck bei mehreren Entnahmestellen. Als 4.0, 5.0 und 6.0GPM Modell lieferbar. Alle PAR-Max Plus™ Modelle sind für eine einfache Installation mit Weichgummilagern und Schnellanschlüssen ausgestattet. Die patentierte PAR-Max Plus™ Co-Spritzguss-Membran und größere HD-Kohlebürsten erhöhen die Lebensdauer deutlich um bis zu 50% gegenüber herkömmlichen Jabsco PAR-Max Membranpumpenmodellen.<br><br>Die PAR-Max Plus™ Serie ist selbstansaugend bis zu 3m (10ft) und trockenlaufsicher. Sie wird aus korrosionsbeständigen Materialien hergestellt, für den  Einsatz unter den harten Bedingungen im Marinebereich. In 12 oder 24V DC Version erhältlich, zertifiziert gemäß ISO 8846 Marine (Zündschutz)<br>• abgedichteter Schalter und Co-Spritzguss-Membran für eine längere Lebensdauer<br>• 12 und 24V DC Modelle<br>• selbstansaugend bis 3m (10ft)<br>• gemäß ISO 8846 Marine (Zündschutz)<br>• Schnellanschlüsse für den Schlauch, für einfache Installation an schwer erreichbaren Stellen<br>• verbesserte, schallabsorbierende Gummilager  minimieren Vibrationen auf harten Unterlagen<br>• Schutzklasse IPX6<br>• Inklusive Schnellanschlüssen:<br>• 2x 1/2" Außengewinde gerade und 2x 1/2" Außengewinde 90° (Modelle 82400 und 82500)<br>• 2x 3/4" Außengewinde gerade und 2x 3/4" Außengewinde 90° (Modelle 82600)<br>• Maße: HxBxL 111 x 113 x 252mm (Modelle 82400)<br>• Maße: HxBxL 111 x 113 x 269mm (Modelle 82500 und 82600)<br>https://www.lankhorst-hohorst.de/Katalog/Wasser+und+Tanksysteme/Trinkwassersysteme%c2%a7Druckwasserpumpen/Jabsco/V-FLO+5%c2%b70/Produkt.aspx
Description:
<br>Druckwasserpumpe mit variablem Durchfluss bei konstanten Druck durch DiMOND Technologie.<br>Diese Technologie wurde für die automatische Diagnose und Überwachung aller Leistungsaspekte entwickelt, um Systemausfälle zu vermeiden.<br>Die V-FLO verfügt über eine Bedarfssteuerung, die genau die richtige Wassermenge sofort zur Verfügung stellt.<br><br>• selbstlernendes System, dass den Betrieb der Pumpe verbessert<br>• Förderleistung bis 19l/min<br>• Arbeitsdruck 40psi (1,72bar)<br>• Abschaltdruck 60psi (4,1bar)<br>• Schlauchanschluss 13mm (1/2")<br>• selbstansaugend bis 2,50m Höhe<br>• Maße: HxBxL 120 x 251 x 156mm<br>• Gewicht: 3,22kg<br>https://www.lankhorst-hohorst.de/Katalog/Wasser+und+Tanksysteme/Trinkwassersysteme%c2%a7Druckwasserpumpen/Marco/ProduktGruppe.aspx
Description:
<br>Selbstansaugende, elektrische Trinkwasserpumpe mit Rückschlagventil und einem elektronischen Sensor. Die Pumpe ist ausgestattet mit PTFE Zahnrädern, einer Welle aus rostfreiem Stahl und einem Gehäuse aus vernickeltem Messing. Der elektronische Sensor ermöglicht einen variablen Wasserstrom, der sich an die benötigte Entnahmemenge anpasst. Die Verwendung eines Druckausgleichtanks ist daher nicht unbedingt erforderlich. Außerdem ermöglicht der Sensor einen stufenlos sanften Anlauf und Durchfluss. Dies bewirkt eine Verringerung des Pumpengeräusches, des Energieverbrauchs und einen geringeren Verschleiß an der Pumpe. Die Pumpe ist gegen Kurzschluss und Überlastung gesichert. Die interne Elektronik wird bei einem Kurzschluss oder Überlastung bis zu viermal selbstständig neu starten.<br>Anwendungsbereich: Trinkwasserversorgung und Duschen<br>Optional ist ein Bedien-/Kontrollpaneel erhältlich.<br><br>Die Typen UP3, UP6 und UP12 werden mit einem Vorfilter geliefert.<br>https://www.lankhorst-hohorst.de/Katalog/Wasser+und+Tanksysteme/Trinkwassersysteme%c2%a7Druckwasserpumpen/Jabsco-2/Ultra+Max+Wasserdrucksystem/Produkt.aspx
Description:
<br>• Komplettes Trinkwassersystem mit einer PAR-Max 3.0 Pumpe.<br>• gemäß ISO 8846 Marine (Zündschutz)<br>• für 3 oder mehr Entnahmestellen von 13mm (1/2")<br>• Förderleistung bis 13,2l/min<br>• selbstansaugend bis 3m<br>• Einschaltdruck 10psi (0,7bar)<br>• Abschaltdruck 20psi (1,4bar)<br>• Maße: HxBxL 140 x 400 x 390mm<br>https://www.lankhorst-hohorst.de/Katalog/Wasser+und+Tanksysteme/Trinkwassersysteme%c2%a7Druckwasserpumpen/Jabsco-2/Druckausgleichsgef%c3%a4%c3%9f/Produkt.aspx
Description:
<br>• Einsatz in Verbindung mit einem automatischen Trinkwassersystem<br>• Kunststoff mit Clip-in Anschlüssen<br>• mit Membran<br>• Druck: max 8,6bar<br>• Anschluss: 13mm (1/2") Schlauch<br>https://www.lankhorst-hohorst.de/Katalog/Wasser+und+Tanksysteme/Trinkwassersysteme%c2%a7Druckwasserpumpen/Jabsco-2/Druckausgleichstank+gro%c3%9f/Produkt.aspx
Description:
<br>• Volumen 8l<br>• Stahltank,  kann horizontal oder vertikal montiert werden<br>• Wasser wird mit Gummimembran komplett von der Luftkammer getrennt.<br>• Lieferung inkl. Befestigung<br>• Max. Arbeitsdruck: 3,5bar (50psi)<br>• Anschluss für ¾" BSP-Innengewinde.<br>• Höhe: 33cm<br>• Ø 22cm<br><br>https://www.lankhorst-hohorst.de/Katalog/Wasser+und+Tanksysteme/Trinkwassersysteme%c2%a7Druckwasserpumpen/Jabsco-2/Trinkwasserpumpe/Produkt.aspx
Description:
<br>• klassische Druckwasserpumpe mit reduzierter Geräuschentwicklung.<br>• ausreichende Leistung für Durchlauferhitzer und Dusche oder für 4 Entnahmestellen 10mm (3/8") bzw. 3 von 13mm (1/2").<br>• gemäß ISO 8846 Marine (Zündschutz)<br>• Förderleistung bis 11l/min<br>• Schlauchanschluss: 13mm (1/2")<br>• selbstansaugend bis 1,50m Höhe<br>• Abschaltdruck 20psi (1,4bar)<br>• kann lange Zeit trocken laufen<br>https://www.lankhorst-hohorst.de/Katalog/Wasser+und+Tanksysteme/Trinkwassersysteme%c2%a7Druckwasserpumpen/Jabsco-3/Aqua+Filta+Wasserfilter/Produkt.aspx
Description:
<br>• Trinkwasserfilter mit silberimprägnierter Aktivkohle<br>• entfernt Chlor, unangenehmen Geruch, Geschmack und Ablagerungen aus dem Trinkwasser an Bord<br>• silberimprägnierte Aktivkohle verhindert Bakterienwachstum im Filter<br>• Filtergehäuse mit um 180° drehbaren Anschluss 13mm (1/2")<br>• Ventil, damit das Filterelement auch unter Druck entfernt werden kann<br>• Filter nach ca. 1000 Litern wechseln<br>• Leistung 14l/min<br>• Druck: max. 4,2bar<br>• Maße: HxBxT 230 x 140 x 100mm<br>• Gewicht: 0,5kg<br>https://www.lankhorst-hohorst.de/Katalog/Wasser+und+Tanksysteme/Trinkwassersysteme%c2%a7Druckwasserpumpen/Jabsco-3/Wasserfilter+mit+Edelstahlfilter/Produkt.aspx
Description:
<br><br>https://www.lankhorst-hohorst.de/Katalog/Wasser+und+Tanksysteme/Trinkwassersysteme%c2%a7Druckwasserpumpen/Jabsco-3/Schlaucht%c3%bcllen/Produkt.aspx
Description:
<br>Für Jabsco Pumpen.<br>Verpackt per Paar.<br>https://www.lankhorst-hohorst.de/Katalog/Wasser+und+Tanksysteme/Trinkwassersysteme%c2%a7Druckwasserpumpen/Jabsco-3/Zirkulationspumpe/Produkt.aspx
Description:
<br>• magnetisch angetriebene Pumpe<br>• zum Pumpen von Wasser bis 80°C für Heizsysteme, Kühlwasser, usw.<br>• für Warmwassersysteme und Glykolmischungen<br>• nicht geeignet für Salzwasser<br>• Fördermenge 21l/min bei 0,12bar<br>• Anschlüsse für 1/2" BSP Innengewinde<br>• Maße: HxBxL 86 x 82 x 90mm<br>https://www.lankhorst-hohorst.de/Katalog/Wasser+und+Tanksysteme/Trinkwassersysteme%c2%a7Druckwasserpumpen/Jabsco-3/Zirkulationspumpe-2/Produkt.aspx
Description:
<br>• magnetisch angetriebene Pumpe<br>• zum Pumpen von Wasser bis 80°C für Heizsysteme, Kühlwasser, usw.<br>• für Warmwassersysteme<br>• nicht geeignet für Salzwasser<br>• Fördermenge 21l/min bei 0,12bar<br>• Anschlüsse für 19mm (3/4") Schlauchanschluss<br>• Maße: LxBxH 104 x 89 x 101mm<br>https://www.lankhorst-hohorst.de/Katalog/Wasser+und+Tanksysteme/Deckwaschpumpen/Jabsco/PAR-Max+3%c2%b70+Deckwaschset/Produkt.aspx
Description:
<br>• Set besteht aus einer kräftigen Par-Max 3.0 Pumpe, einer Sprühpistole und einem Wasserfilter<br>• Förderleistung bis 11,4l/min<br>• selbstansaugend bis 3m<br>• Abschaltdruck 50psi (3,5bar)<br>• Schlauchanschlüsse: 1/2" (13mm)  und 3/4" (19mm)<br>• Maße: HxBxL 121 x 106 x 229mm<br>• Gewicht: 1,6kg<br>https://www.lankhorst-hohorst.de/Katalog/Wasser+und+Tanksysteme/Deckwaschpumpen/Jabsco/PAR-Max+4%c2%b70+Deckwaschset/Produkt.aspx
Description:
<br>• Set besteht aus einer kräftigen Par-Max 4.0 Pumpe, einer Sprühpistole und einem Wasserfilter<br>• Förderleistung bis 15l/min<br>• selbstansaugend bis 3,00m<br>• Abschaltdruck 60psi (4,1bar)<br>• Schlauchanschluss: 3/4" (19mm)<br>• Maße: HxBxL 121 x 106 x 229mm<br>• Gewicht: 2,1kg<br>https://www.lankhorst-hohorst.de/Katalog/Wasser+und+Tanksysteme/Deckwaschpumpen/Jabsco/PAR-Max+5%c2%b70+Deckwaschset/Produkt.aspx
Description:
<br>• Set besteht aus einer kräftigen PAR-Max 5.0 Pumpe, Spritzpistole und Wasserfilter<br>• Förderleistung: 18,9l/min<br>• selbstansaugend bis 2,00m Höhe<br>• Schlauchanschlüsse: 1/2" Schlauch oder 3/4" Gewinde<br>• Abschaltdruck 50psi (3,5bar)<br>• Maße: HxBxL 100 x 105 x 250mm<br>• Gewicht: 2,5kg<br>https://www.lankhorst-hohorst.de/Katalog/Wasser+und+Tanksysteme/Deckwaschpumpen/Jabsco/Deckwaschset+Hotshot/Produkt.aspx
Description:
<br>Dieses Deckwaschpumpen Set ist die Waffe Ihrer Wahl auch unter den härtesten Marinebedingungen. Die Basis dieser Deckwaschpumpen Sets ist die starke PAR-Max Plus Pumpe. Diese Baureihe zeichnet sich durch einen außergewöhnlich gleichmäßigen Wasserstrom und konstanten Wasserdruck aus und ist als 4.0, 5.0 und 6.0GPM Modell erhältlich. Die patentierte Co-Spritzguss-Membran und größere HD-Kohlebürsten erhöhen die Lebensdauer erheblich um bis zu 50% gegenüber herkömmlichen Jabsco PAR-Max Membranpumpen.<br><br>Im Lieferumfang des Hotshot Deckwaschpumpen Sets sind enthalten: Filter, Spritzpistole, Spiralschlauch 25' (gestreckt ca. 7,5m) und Schnellanschlüsse<br>• Schnellanschlüsse für 19mm (3/4") Wasserschlauch<br>• Maximaler Druck: 4,8bar (70psi)<br>• Neue 5-Kammer-Membran Konstruktion erlaubt trockenlaufen.<br>• Auch für den Einsatz mit Salzwasser geeignet.<br>• Selbstsaugend bis 3m (10ft.)*<br>• Schutzart IPX6<br>• EN ISO 8846 Marine (Ignition Protection)<br>https://www.lankhorst-hohorst.de/Katalog/Wasser+und+Tanksysteme/Kraftstoffpumpen/Marco/ProduktGruppe.aspx
Description:
<br>Selbstansaugende Elektropumpe  mit kleinen Abmessungen. Pumpengehäuse  aus vernickeltem Messing, mit Bronzezahnrädern und einer Edelstahlwelle.<br>Anwendungen : Umfüllen von Dieselkraftstoff , Frostschutzmittel.<br>https://www.lankhorst-hohorst.de/Katalog/Wasser+und+Tanksysteme/Kraftstoffpumpen/Jabsco/ProduktGruppe.aspx
Description:
<br>• gemäß ISO 8846 MARINE (Zündschutz)<br>• geeignet für Öl- oder Diesel<br>• leichte Ausführung<br>• selbstansaugend bis max. 2,60m Höhe<br>• Fördermenge: 30l bei 3,00m (max. 6,00m)<br>• Schlauchanschlüsse: 19mm<br>• Maße: HxBxL 140 x 110 x 180mm<br>• Gewicht: 2,62kg<br>https://www.lankhorst-hohorst.de/Katalog/Wasser+und+Tanksysteme/Impeller/Jabsco/ProduktGruppe.aspx
Description:
<br>Jabsco Impeller unterliegen einer strengen Qualitätsprüfung um eine zuverlässige, effiziente und dauerhafte Leistung sicherzustellen.<br><br>Wellenaufnahme:<br>1 = Welle mit Schlitz<br>2 = Welle mit Bohrung<br>3 = Welle mit Passfeder<br>4 = einfache Abflachung<br>5 = doppelte Abflachung<br>6 = Nabe mit Passfeder<br>7 = Vielfachverzahnung<br>8 = Welle mit Keil<br><br>• Impeller die mit P enden, werden mit passender Deckeldichtung aus Papier geliefert.<br>• Endet die Impellernummer mit B, wird nur der Impeller geliefert.<br>• Neopren für Kühlwasserpumpen<br>• Nitril für Bilge-, Schmutzwasser-, Öl- und Dieselpumpen<br><br>Neopren-Impeller sind für Seewasserpumpen geeignet. Andere Impeller sind auf Anfrage lieferbar.<br><br>* Die alte 22120 Serie wird ersetzt durch die neue 18777 Serie.<br>https://www.lankhorst-hohorst.de/Katalog/Wasser+und+Tanksysteme/Impeller/Talamex/Impeller+-+Ersatz+Vetus/Produkt.aspx
Description:
<br><br>https://www.lankhorst-hohorst.de/Katalog/Wasser+und+Tanksysteme/Impeller/Talamex/Impeller+-+Ersatz+Jabsco/Produkt.aspx
Description:
<br><br>https://www.lankhorst-hohorst.de/Katalog/Wasser+und+Tanksysteme/Impeller/Talamex/Impeller+-+Ersatz+Johnson/Produkt.aspx
Description:
<br><br>https://www.lankhorst-hohorst.de/Katalog/Wasser+und+Tanksysteme/Impeller/Talamex/Impeller+-+Ersatz+Sherwood/Produkt.aspx
Description:
<br><br>https://www.lankhorst-hohorst.de/Katalog/Wasser+und+Tanksysteme/Impeller/Talamex/Impeller+-+Ersatz+DJ+Pump/Produkt.aspx
Description:
<br><br>https://www.lankhorst-hohorst.de/Katalog/Wasser+und+Tanksysteme/Impeller/Talamex/Impeller+-+Ersatz+JMP/Produkt.aspx
Description:
<br><br>https://www.lankhorst-hohorst.de/Katalog/Wasser+und+Tanksysteme/Impeller/Talamex/Impeller+-+Ersatz+Cummins/Produkt.aspx
Description:
<br><br>https://www.lankhorst-hohorst.de/Katalog/Wasser+und+Tanksysteme/Impeller/Talamex/Impeller+-+Ersatz+Yanmar/Produkt.aspx
Description:
<br><br>https://www.lankhorst-hohorst.de/Katalog/Wasser+und+Tanksysteme/Impeller/Talamex/Impeller+-+Ersatz+Volvo/Produkt.aspx
Description:
<br><br>https://www.lankhorst-hohorst.de/Katalog/Wasser+und+Tanksysteme/Impeller/Talamex/Impeller+-+Ersatz+Sole+Diesel/Produkt.aspx
Description:
<br><br>https://www.lankhorst-hohorst.de/Katalog/Wasser+und+Tanksysteme/Impeller/Talamex/Impeller+-+Ersatz+Nanni/Produkt.aspx
Description:
<br><br>https://www.lankhorst-hohorst.de/Katalog/Wasser+und+Tanksysteme/Impeller/Talamex/Impeller+-+Ersatz+Mercury%c2%a7Mariner%c2%a7Mercruiser/Produkt.aspx
Description:
<br><br>https://www.lankhorst-hohorst.de/Katalog/Wasser+und+Tanksysteme/Impeller/Talamex/Impeller+-+Ersatz+Yamaha/Produkt.aspx
Description:
<br><br>https://www.lankhorst-hohorst.de/Katalog/Wasser+und+Tanksysteme/Impeller/Talamex/Impeller+-+Ersatz+Suzuki/Produkt.aspx
Description:
<br><br>https://www.lankhorst-hohorst.de/Katalog/Wasser+und+Tanksysteme/Impeller/Talamex/Impeller+-+Ersatz+OMC%c2%a7Johnson%c2%a7Evinrude/Produkt.aspx
Description:
<br><br>https://www.lankhorst-hohorst.de/Katalog/Wasser+und+Tanksysteme/Impeller/Talamex/Impeller+-+Ersatz+Selva/Produkt.aspx
Description:
<br><br>https://www.lankhorst-hohorst.de/Katalog/Wasser+und+Tanksysteme/Impeller/Talamex/Impeller+-+Ersatz+Honda/Produkt.aspx
Description:
<br><br>https://www.lankhorst-hohorst.de/Katalog/Wasser+und+Tanksysteme/Impeller/Talamex/Impeller+-+Ersatz+Tohatsu/Produkt.aspx
Description:
<br><br>https://www.lankhorst-hohorst.de/Katalog/Wasser+und+Tanksysteme/Impeller/Talamex/Impeller%c3%b7+Ersatz+Parsun/Produkt.aspx
Description:
<br><br>https://www.lankhorst-hohorst.de/Katalog/Wasser+und+Tanksysteme/Impeller/Talamex/Impeller+-+Ersatz+Chrysler%c2%a7Force/Produkt.aspx
Description:
<br><br>https://www.lankhorst-hohorst.de/Katalog/Wasser+und+Tanksysteme/Impeller/Talamex/Impeller+-+Ersatz+Caterpillar/Produkt.aspx
Description:
<br><br>https://www.lankhorst-hohorst.de/Katalog/Wasser+und+Tanksysteme/Impeller/Talamex/Impeller+-+Ersatz+Bukh/Produkt.aspx
Description:
<br><br>https://www.lankhorst-hohorst.de/Katalog/Wasser+und+Tanksysteme/Impeller/Talamex/Impeller+-+Ersatz+Perkins/Produkt.aspx
Description:
<br><br>https://www.lankhorst-hohorst.de/Katalog/Wasser+und+Tanksysteme/Impeller/Talamex/Impeller+-+Ersatz+Detroit+Diesel/Produkt.aspx
Description:
<br><br>https://www.lankhorst-hohorst.de/Katalog/Wasser+und+Tanksysteme/Impeller/Talamex/Impeller+-+Ersatz+Renault/Produkt.aspx
Description:
<br><br>https://www.lankhorst-hohorst.de/Katalog/Wasser+und+Tanksysteme/Impeller/Talamex/Impeller+-+Ersatz+Crusader/Produkt.aspx
Description:
<br><br>https://www.lankhorst-hohorst.de/Katalog/Wasser+und+Tanksysteme/Impeller/Talamex/Impeller+-+Ersatz+Westerbeke/Produkt.aspx
Description:
<br><br>https://www.lankhorst-hohorst.de/Katalog/Wasser+und+Tanksysteme/Impeller/Talamex/Impeller+-+Ersatz+Kohler/Produkt.aspx
Description:
<br><br>https://www.lankhorst-hohorst.de/Katalog/Wasser+und+Tanksysteme/Impeller/Talamex/Impeller+-+Ersatz+Fischer+Panda/Produkt.aspx
Description:
<br><br>https://www.lankhorst-hohorst.de/Katalog/Wasser+und+Tanksysteme/Impeller/Talamex/Impeller+-+Ersatz+Onan/Produkt.aspx
Description:
<br><br>https://www.lankhorst-hohorst.de/Katalog/Wasser+und+Tanksysteme/Impeller/Talamex/Impeller+-+Ersatz+Oberdorfer/Produkt.aspx
Description:
<br><br>https://www.lankhorst-hohorst.de/Katalog/Wasser+und+Tanksysteme/Impeller/Talamex/Impeller+-+Ersatz+Kashiyama/Produkt.aspx
Description:
<br><br>https://www.lankhorst-hohorst.de/Katalog/Wasser+und+Tanksysteme/Impeller/Talamex/Impeller+-+Ersatz+Nikkiso/Produkt.aspx
Description:
<br><br>https://www.lankhorst-hohorst.de/Katalog/Wasser+und+Tanksysteme/Impeller/Jabsco-2/Impellerfett/Produkt.aspx
Description:
<br><br>https://www.lankhorst-hohorst.de/Katalog/Wasser+und+Tanksysteme/Impeller/Jabsco-2/Abzieher+f%c3%bcr+Impeller/Produkt.aspx
Description:
<br><br>https://www.lankhorst-hohorst.de/Katalog/Wasser+und+Tanksysteme/Sp%c3%bclen/Dometic/Einbausp%c3%bcle+mit+Glasdeckel+rund/Produkt.aspx
Description:
<br>• hitzebeständiger Sicherheitsglasdeckel<br>• Siphon AC 540<br>• Gummidichtung<br>• mit Loch für Hahn (Ø 39mm)<br>• Maße: ØxH 420 x 149mm<br>• Einbaumaße: Ø 400mm<br>• Gewicht: 3,5kg<br>https://www.lankhorst-hohorst.de/Katalog/Wasser+und+Tanksysteme/Sp%c3%bclen/Dometic/Einbausp%c3%bcle+mit+Glasdeckel+eckig/Produkt.aspx
Description:
<br>• hitzebeständiger Sicherheitsglasdeckel<br>• Siphon AC 540<br>• Gummidichtung<br>• mit Loch für Hahn (Ø 39mm)<br>• Maße: BxHxT 420 x 145 x 370mm<br>• Einbaumaße: BxT 405 x 355mm<br>• Gewicht: 2,9kg<br>https://www.lankhorst-hohorst.de/Katalog/Wasser+und+Tanksysteme/Sp%c3%bclen/Dometic/Einbausp%c3%bcle+mit+Glasdeckel+eckig-2/Produkt.aspx
Description:
<br>• hitzebeständiger Sicherheitsglasdeckel<br>• Siphon AC 540<br>• Gummidichtung<br>• mit Loch für Hahn (Ø 39mm)<br>• Maße: BxHxT 420 x 145 x 440mm<br>• Einbaumaße: BxT 405 x 425mm<br>• Gewicht: 3,35kg<br>https://www.lankhorst-hohorst.de/Katalog/Wasser+und+Tanksysteme/Wasserh%c3%a4hne/Dometic/ProduktGruppe.aspx
Description:
<br><br>https://www.lankhorst-hohorst.de/Katalog/Wasser+und+Tanksysteme/Wasserh%c3%a4hne/Trem/ProduktGruppe.aspx
Description:
<br>Luxuriöse verchromte Wasserhähne mit drehbarem Auslauf.<br>Anschluss: 3/8" Außengewinde.<br>https://www.lankhorst-hohorst.de/Katalog/Wasser+und+Tanksysteme/Wasserh%c3%a4hne/Talamex/Einhebelmischarmatur+Serie+Compact/Produkt.aspx
Description:
<br>• heißwasserbeständig<br>• druckfest bis 5bar.<br>• Schlauchtüllen 10mm<br>• Montagebohrung 34mm<br>• Trägerplatte bis 30mm<br>• Farbe weiß.<br>https://www.lankhorst-hohorst.de/Katalog/Wasser+und+Tanksysteme/Wasserh%c3%a4hne/Talamex/Mischventile+Serie+Compact/Produkt.aspx
Description:
<br>• heißwasserbeständig<br>• druckfest bis 10bar<br>• Schlauchtülle 10mm<br>• Montagebohrung 20mm<br>• Trägerplatte bis 20mm<br>• Gewindelänge 25mm<br>• Farbe weiß<br>für Druckwassersysteme<br>für Tauchpumpen<br>https://www.lankhorst-hohorst.de/Katalog/Wasser+und+Tanksysteme/Wasserh%c3%a4hne/Talamex/Mischventile+Serie+Compact-2/Produkt.aspx
Description:
<br>• heißwasserbeständig<br>• druckfest bis 10bar<br>• Schlauchtülle 10mm<br>• Montagebohrung 34mm<br>• Trägerplatte bis 30mm<br>• für Druckwassersysteme<br>• Farbe weiß<br>https://www.lankhorst-hohorst.de/Katalog/Wasser+und+Tanksysteme/Wasserh%c3%a4hne/Talamex/Talamex+Mischventil+Eco/Produkt.aspx
Description:
<br>• heißwasserbeständig bis 80°C<br>• druckfest bis 3bar<br>• Schlauchtülle 8-10mm 45° drehbar<br>• Gewindelänge 20mm<br>• Höhe 40mm<br>• Auslauflänge 160mm<br>• Farbe weiß.<br>für Druckwassersysteme<br>für Tauchpumpen<br>https://www.lankhorst-hohorst.de/Katalog/Wasser+und+Tanksysteme/Wasserh%c3%a4hne/Talamex/Duschset+Riva+komplett/Produkt.aspx
Description:
<br>• mit 1,50m Schlauch<br>• druckfest bis 5bar<br>• auswechselbarer Filter<br>• verstellbarer Brausestrahl<br>https://www.lankhorst-hohorst.de/Katalog/Wasser+und+Tanksysteme/Wasserh%c3%a4hne/Talamex/Einbaudusche+Wasserhahn/Produkt.aspx
Description:
<br>• Einbaudusche Wasserhahn<br>• Einbaumaß: Ø 70mm<br>• Anschluss: 3/8" Außengewinde<br>https://www.lankhorst-hohorst.de/Katalog/Wasser+und+Tanksysteme/Wasserh%c3%a4hne/Talamex/Einbaudusche+Handbrause/Produkt.aspx
Description:
<br>• Einbaudusche, 4m Schlauch und ABS-Handbrause<br>• Einbaumaß: Ø 70mm<br>• Anschluss: 1/2" Innengewinde<br>https://www.lankhorst-hohorst.de/Katalog/Wasser+und+Tanksysteme/Wasserh%c3%a4hne/Talamex/Einbaudusche/Produkt.aspx
Description:
<br>• Einbau-Deckdusche mit Abdeckplatte aus Polycarbonat<br>• Warm- und Kaltwasseranschluss<br>• Abm.: 133 x 260 x 51mm<br>• Einbaumaß: 98 x 216 x 51mm<br>https://www.lankhorst-hohorst.de/Katalog/Wasser+und+Tanksysteme/Wasserh%c3%a4hne/Zubeh%c3%b6r/Membranschalter/Produkt.aspx
Description:
<br>• Elektro-Druckschalter zum Nachrüsten aller Pumpen ohne Automatik<br>• Schaltdruck 1bar<br>• Gewindeanschluss 3/8"<br>• max. Belastung 15A<br>https://www.lankhorst-hohorst.de/Katalog/Wasser+und+Tanksysteme/Wasserh%c3%a4hne/Zubeh%c3%b6r/Membranschalter-2/Produkt.aspx
Description:
<br>• Druckschalter auch für Tauchpumpen<br>• Schalterdruck 1bar<br>• Schlauchanschluss 10/12mm<br>• max. Belastung 15A beidseitig<br>https://www.lankhorst-hohorst.de/Katalog/Wasser+und+Tanksysteme/Wasserh%c3%a4hne/Zubeh%c3%b6r/Fu%c3%9fschalter/Produkt.aspx
Description:
<br>• zum Ein- und Ausschalten der Wasserpumpe<br>• Abm. 60 x 45 x 32mm<br>https://www.lankhorst-hohorst.de/Katalog/Wasser+und+Tanksysteme/Wasserh%c3%a4hne/Zubeh%c3%b6r/R%c3%bcckschlagventil/Produkt.aspx
Description:
<br>• verhindert ein Zurücklaufen der Wassersäule<br>• Schlauchanschluss 10mm<br>https://www.lankhorst-hohorst.de/Katalog/Wasser+und+Tanksysteme/Wasserh%c3%a4hne/Zubeh%c3%b6r/Wasserauslauf/Produkt.aspx
Description:
<br>• drehbarer Auslauf<br>• Schlauchanschluss 10 und 13mm<br>https://www.lankhorst-hohorst.de/Katalog/Wasser+und+Tanksysteme/Wasserh%c3%a4hne/Zubeh%c3%b6r/Handpumpe/Produkt.aspx
Description:
<br>• Handpumpe aus braunem Kunststoff mit Aluminiumauslauf<br>• Schlauchanschluss 13mm<br>• Oberteil 85mm<br>• Unterteil 195mm<br>https://www.lankhorst-hohorst.de/Katalog/Wasser+und+Tanksysteme/Wasserh%c3%a4hne/Zubeh%c3%b6r/Fu%c3%9fpumpe/Produkt.aspx
Description:
<br>• stabiles Gehäuse aus Polycarbonat<br>• doppeltwirkend<br>• Kapazität 12l/min.<br>• Schlauchanschluss 13mm<br>https://www.lankhorst-hohorst.de/Katalog/Wasser+und+Tanksysteme/Wasserh%c3%a4hne/Zubeh%c3%b6r/Solardusche/Produkt.aspx
Description:
<br>Das Wasser wird durch die Sonneneinstrahlung erwärmt.<br>• Lieferung mit Schlauch und Duschkopf<br>• Volumen 19l<br>https://www.lankhorst-hohorst.de/Katalog/Wasser+und+Tanksysteme/Wasserh%c3%a4hne/Zubeh%c3%b6r/Wasserkanister/Produkt.aspx
Description:
<br>• Kunststoffkanister mit Tülle.<br>• Farbe natur.<br>https://www.lankhorst-hohorst.de/Katalog/Wasser+und+Tanksysteme/Wasserh%c3%a4hne/Zubeh%c3%b6r/Wasserkanister-2/Produkt.aspx
Description:
<br>• Kunststoffkanister mit Wasserhahn.<br>https://www.lankhorst-hohorst.de/Katalog/Wasser+und+Tanksysteme/Bilgepumpen/Rule/Slimline+Pumpen/Produkt.aspx
Description:
<br>Mit diesen Pumpen hat Rule eine Serie kompakter Pumpen entwickelt. Eine Kombination aus Tauchpumpe, Inlinepumpe und tragbarer Pumpe, geeignet für viele Anwendungen sowohl an Bord als auch an Land. Die 4 Modelle verfügen über einen Filter für den Gebrauch als Tauchpumpe, nach Entfernen des Filters kann man sie als Inlinepumpe verwenden.<br><br>Diese Pumpen sind geeignet für heißes und kaltes Wasser, Seewasser, Frostschutzmittel und sogar Diesel. Die Pumpen können genutzt werden zum Entleeren der Bilge in engen Bereichen, zum Duschen in Kombination mit einer Brause, Deck- und Ankerwäsche, Umpumpen von Wasser und Diesel und zum "Winterfest-machen" von Motoren.<br>https://www.lankhorst-hohorst.de/Katalog/Wasser+und+Tanksysteme/Bilgepumpen/Rule/LoPro+Bilgenpumpen/Produkt.aspx
Description:
<br>Flache Lenzpumpe für enge Platzverhältnisse, entwickelt für mehr Pumpleistung auf engstem Raum.  Die Lenzpumpen der Rule LoPro Serie sind nur 5,84cm hoch.<br><br>Das 900S Modell verfügt über zwei automatische Modi. Der erste Modus aktiviert die Pumpe bei einem Wasserstand von  ca. 5 bzw. 3cm (benutzerdefiniert); der zweite Modus überprüft den Wasserstand durch kurzes Einschalten der Pumpe alle 2,5 Minuten.<br><br>Das 900D Modell erfordert einen Schwimmschalter und/oder ein Schaltpaneel.<br><br>• Die 900S verfügt über zwei automatische Betriebsarten<br><br>o Hoch- oder Niedrigwasser-Sensor-Modus. Die Pumpe läuft wenn der benutzerdefinierte Wasserstand von  ca.<br>5cm (2") oder 3cm (1.3")erreicht ist.<br><br>o Elektronischer Automatik-Modus. Die Pumpe schaltet sich automatisch alle 2,5 Minuten an, überprüft den<br>Wasserstand und stellt sich nach Abpumpen des Wassers wieder aus.<br>• Zur einfacheren Installation kann der Auslass stufenlos um 180° gedreht werden.<br>• Mehre Anschlüsse mit Gewinde sind für diese Pumpe verfügbar.<br><br>o 19mm (3/4") gerade und winklig, 25mm (1") und 28mm (1-1/8") gerade<br><br>o Alle Anschlüsse gehören zum Lieferumfang<br>• Das neue "Tricuspid"-Rückschlagventil verhindert Wasserrückfluss<br>• Horizontaler oder vertikaler Einbau.<br>• Spannung: 12V DC<br>• Max. Förderleistung 900GPH (3400l/h) @ 13,6V<br>• Verbrauch: 4A<br>• Sicherheit: Thermoschutzschalter<br>• Maße: HxBxL 584 x 584 x 237mm (900S)<br>• Maße: HxBxL 584 x 584 x 193mm (900D)<br>• Gewicht 0,70kg<br>https://www.lankhorst-hohorst.de/Katalog/Wasser+und+Tanksysteme/Bilgepumpen/Rule+vollautomatische+Bilgepumpen/Rule-Mate%c2%ae+II/Produkt.aspx
Description:
<br>Vollautomatische Bilgenpumpe.<br><br>• Alles-in-einem Pumpe mit quecksilberfreiem Schwimmschalter<br>• mit Anti-Fouling Impeller<br>• CE-Zulassung und entsprechen der Norm ISO 8849<br>• zur automatischen Funktion ist unbedingt ein 3-Wege-Schaltpaneel erforderlich<br>https://www.lankhorst-hohorst.de/Katalog/Wasser+und+Tanksysteme/Bilgepumpen/Rule+vollautomatische+Bilgepumpen/Rule-Mate%c2%ae+1500+automatic/Produkt.aspx
Description:
<br>• Förderleistung: max.5700l/h<br>• Maße: HxBxL 150 x 110 x 150mm<br>• Schlauchanschluss: 25 und 28 mm (1" und 1-1/8")<br>• Förderhöhe: max. 2,00m<br>https://www.lankhorst-hohorst.de/Katalog/Wasser+und+Tanksysteme/Bilgepumpen/Rule+vollautomatische+Bilgepumpen/Rule-Mate%c2%ae+2000+automatic/Produkt.aspx
Description:
<br>• Förderleistung: max. 7750l/h<br>• Maße: HxBxL 150 x 110 x 150mm<br>• Schlauchanschluss: 25 und 28mm (1" und 1-1/8")<br>• Förderhöhe: max. 2,00m<br>https://www.lankhorst-hohorst.de/Katalog/Wasser+und+Tanksysteme/Bilgepumpen/Rule+Bilgepumpen/Rule+360/Produkt.aspx
Description:
<br>• Fördermenge: max. 1400l/h<br>• Maße: Ø 60 x H 89mm<br>• Schlauchanschluss: 19mm (3/4")<br>• Förderhöhe: max. 2,00m<br>https://www.lankhorst-hohorst.de/Katalog/Wasser+und+Tanksysteme/Bilgepumpen/Rule+Bilgepumpen/Rule+500/Produkt.aspx
Description:
<br>• Förderleistung: max. 1925l/h<br>• Maße: Ø 60 x H 89mm<br>• Schlauchanschluss: 19mm (3/4")<br>• Förderhöhe: max. 2,00m<br>https://www.lankhorst-hohorst.de/Katalog/Wasser+und+Tanksysteme/Bilgepumpen/Rule+Bilgepumpen/Rule+Automatic+500/Produkt.aspx
Description:
<br>Die computergesteuerte Pumpe wird im Abstand von 2,5 Minuten für 1 Sekunde eingeschaltet um den Wasserstand zu prüfen.<br>• vollautomatische Pumpe, kein Schwimmschalter erforderlich<br>• Förderleistung: max. 1890l/h<br>• Maße:  Ø 60 x H 102mm<br>• Schlauchanschluss: 19mm (3/4")<br>https://www.lankhorst-hohorst.de/Katalog/Wasser+und+Tanksysteme/Bilgepumpen/Rule+Bilgepumpen/Rule+800+Rund/Produkt.aspx
Description:
<br>• Förderleistung: max. 3028l/Std.<br>• Maße: Ø 60 x H 96mm<br>• Schlauchanschluss: 19mm<br>• Förderhöhe: max. 2,00m<br>https://www.lankhorst-hohorst.de/Katalog/Wasser+und+Tanksysteme/Bilgepumpen/Rule+Bilgepumpen/Rule+800/Produkt.aspx
Description:
<br>• viereckige Ausführung<br>• Förderleistung: max. 3024l/h<br>• Maße LxBxH 27x72x101mm<br>• Schlauchanschluss: 19mm (3/4")<br>• Förderhöhe: max. 2,00m<br>https://www.lankhorst-hohorst.de/Katalog/Wasser+und+Tanksysteme/Bilgepumpen/Rule+Bilgepumpen/Rule+1100/Produkt.aspx
Description:
<br>• Fördermenge: max. 4250l/h<br>• Maße: Ø 60 x H 110mm<br>• Schlauchanschluss: 28mm (1-1/8")<br>• Förderhöhe: max. 2,00m<br>https://www.lankhorst-hohorst.de/Katalog/Wasser+und+Tanksysteme/Bilgepumpen/Rule+Bilgepumpen/Rule+Montageplatte/Produkt.aspx
Description:
<br>Für vertikale Wandmontage der Rule- Pumpen 360, 500, 800 Rund und 1100.<br>https://www.lankhorst-hohorst.de/Katalog/Wasser+und+Tanksysteme/Bilgepumpen/Rule+Bilgepumpen/Rule+1500/Produkt.aspx
Description:
<br>• Förderleistung: max. 5700l/h<br>• Maße: Ø 100 x H 153mm<br>• Schlauchanschluss: 28mm (1-1/8")<br>• Förderhöhe: max. 2,00m<br><br>https://www.lankhorst-hohorst.de/Katalog/Wasser+und+Tanksysteme/Bilgepumpen/Rule+Bilgepumpen/Rule+2000/Produkt.aspx
Description:
<br>• Fördermenge: max. 7750l/h<br>• Maße: Ø 100 x H 153mm<br>• Schlauchanschluss: 29mm (1-1/8")<br>• Förderhöhe: max. 2,00m<br><br>https://www.lankhorst-hohorst.de/Katalog/Wasser+und+Tanksysteme/Bilgepumpen/Rule+Bilgepumpen/Rule+3700/Produkt.aspx
Description:
<br>• Förderleistung: max. 14350l/h<br>• Maße: Ø 135 x H 180mm<br>• Schlauchanschluss: 38mm (1-1/2")<br>• Förderhöhe: max. 2,00m<br><br><br><br>https://www.lankhorst-hohorst.de/Katalog/Wasser+und+Tanksysteme/Bilgepumpen/Rule+Lenzpumpe+Gold/Rule+1500+Gold/Produkt.aspx
Description:
<br>• Fördermenge: max. 5700l/h<br>• Maße: Ø 100 x H 153mm<br>• Schlauchanschluss: 28mm (1-1/8")<br>• Förderhöhe: max. 2,00m<br>.<br>https://www.lankhorst-hohorst.de/Katalog/Wasser+und+Tanksysteme/Bilgepumpen/Rule+Lenzpumpe+Gold/Rule+2000+Gold/Produkt.aspx
Description:
<br>• Förderleistung: max. 7570l/h<br>• Maße: Ø 105 x H 155mm<br>• Schlauchanschluss: 28mm (1-1/8")<br>• Förderhöhe: max. 3,00m<br>.<br>https://www.lankhorst-hohorst.de/Katalog/Wasser+und+Tanksysteme/Bilgepumpen/Rule+Lenzpumpe+Gold/Rule+3700+Gold/Produkt.aspx
Description:
<br>• Fördermenge: max. 14000l/h<br>• Maße: Ø 135 x H180mm<br>• Schlauchanschluss: 38mm(1-1/2")<br>• Förderhöhe: max. 4,00m<br>.<br>https://www.lankhorst-hohorst.de/Katalog/Wasser+und+Tanksysteme/Bilgepumpen/Rule+Lenzpumpe+Gold/Rule+Edelstahlfilter/Produkt.aspx
Description:
<br>Ersatzfilter für Rule-Pumpen bis Typ 3700.<br>https://www.lankhorst-hohorst.de/Katalog/Wasser+und+Tanksysteme/Lenzpumpen/Talamex/ProduktGruppe.aspx
Description:
<br>• zuverlässige und einfach zu montierende Lenzpumpe<br>• niedriger Stromverbrauch<br>• effektiver Wasserstrom<br>• mit Twist-lock System für einfache Wartung des Impellers<br>• Montageplatte kann horizontal und vertikal montiert werden<br>• die Pumpe erfüllt alle CE und ISO-Normen.<br>• Förderhöhe:<br>Modell 1500: 1,7m - 2,0m<br>Modell 2850: 2,5m - 3,0m<br>Modell 5000: max. 2,0m<br>https://www.lankhorst-hohorst.de/Katalog/Wasser+und+Tanksysteme/Lenzpumpen/Attwood/Lenzpumpe+Sahara/Produkt.aspx
Description:
<br>• 12V/2A Kunststoff, mit eingebautem Schwimmerschalter<br>• einstellbar auf Hand- oder Automatikschaltung<br>• Länge: 120mm<br>• Breite: 80mm<br>• Höhe: 100mm<br>https://www.lankhorst-hohorst.de/Katalog/Wasser+und+Tanksysteme/Lenzpumpen/Attwood/Lenzpumpe+Batteriebetrieb/Produkt.aspx
Description:
<br>• benötigt keinen Anschluss an das Bordnetz<br>• arbeitet mit 3 Batterien (Monozellen 1,5V)<br>• Förderhöhe bis max. 1,20m.<br>• Laufzeit mit einem Batteriesatz: ca.5 Std.<br>https://www.lankhorst-hohorst.de/Katalog/Wasser+und+Tanksysteme/Lenzpumpen/Rule/ProduktGruppe.aspx
Description:
<br>• automatisches Entleerungssystem  von Dusch- und Schmutzwasser<br>• System wird aktiviert durch Rule-A-matic Schwimmschalter<br>• mit Rückschlagventil<br>• Förderleistung max. 3028l/h<br>• Schlauchanschluss: aus Ø 19mm, ein Ø 19 - 38mm<br>• Maße HxBxL 140 x 285,5 x 209,5mm<br>https://www.lankhorst-hohorst.de/Katalog/Wasser+und+Tanksysteme/Lenzpumpen/Jabsco/Dusch-+und+Lenzpumpe/Produkt.aspx
Description:
<br>• Membranpumpe mit 360° drehbarem Pumpenkopf<br>• selbstansaugend bis 3,00m Höhe, dadurch für Montage über der Bilge geeignet<br>• Förderleistung 16l/min bei Förderhöhe von 6m<br>• Schlauchanschluss: 19mm<br>• ISO 8846 und 8849<br>• Maße HxBxL 111 x 150 x 297mm<br>https://www.lankhorst-hohorst.de/Katalog/Wasser+und+Tanksysteme/Lenzpumpen/Jabsco/PAR-Max+4%c2%b70+Lenzpumpe/Produkt.aspx
Description:
<br>• selbstansaugende Lenzpumpe (bis 2,00m)<br>• sehr leise und trockenlaufsicher<br>• Förderleistung: 14,4l/min<br>• Maße: HxBxL 100 x 106 x 248mm<br>• Schlauchanschluss: 19mm (3/4")<br>• Gewicht: 3kg<br>• Inkl. Filter.<br>https://www.lankhorst-hohorst.de/Katalog/Wasser+und+Tanksysteme/Lenzpumpen/Jabsco/Lenzpumpe+Water+Puppy/Produkt.aspx
Description:
<br>• selbstansaugend bis 1,20m Höhe<br>• Förderleistung: 1920l/Std.<br>• Bilgenverunreinigungen stellen kein Problem für den Impeller dar<br>• einfache Konstruktion und sehr zuverlässig<br>• Anschluss: für Schlauch 25mm (1") oder 1/2" Gewinde<br>• Maße: HxBxL 75 x 120 x 195mm<br>• Gewicht: 3,22kg<br>https://www.lankhorst-hohorst.de/Katalog/Wasser+und+Tanksysteme/Lenzpumpen/Jabsco/Lenzpumpe+Maxi+Puppy/Produkt.aspx
Description:
<br>• selbstansaugende Impellerpumpe, Saughöhe bis 2,40m<br>• max. Förderleistung: 2640l/h<br>• Schlauchanschluss: für Schlauch 25mm (1") oder 1/2" Gewinde<br>• Maße:  HxBxL 130x150x280mm<br>• Gewicht: 3,6kg<br>• nicht für den Gebrauch mit Hochdruck-Spritzdüse geeignet<br>https://www.lankhorst-hohorst.de/Katalog/Wasser+und+Tanksysteme/Lenzpumpen/Jabsco/Utility+Puppy+2000/Produkt.aspx
Description:
<br>• selbstansaugende Pumpe, Saughöhe bis 1,20m<br>• Förderleistung: 1920l/h<br>• Anschluss: Einlass- und Auslassöffnung 3/4" BSP Innengewinde<br>• Maße: HxBxL 105 x 125 x 190mm<br>• Gewicht: 3,3kg<br>https://www.lankhorst-hohorst.de/Katalog/Wasser+und+Tanksysteme/Lenzpumpen/Jabsco/Utility+Puppy+3000/Produkt.aspx
Description:
<br>• selbstansaugend, Saughöhe 2,40m<br>• max. Förderleistung 3000l/h<br>• kann bis zu 10 Min. trockenlaufen<br>• Anschluss: Einlass- und Auslassöffnung 3/4" BSP Innengewinde<br>• Maße: HxBxL 105 x 125 x 220mm<br>• Gewicht: 4,3kg<br>https://www.lankhorst-hohorst.de/Katalog/Wasser+und+Tanksysteme/Lenzpumpen/Jabsco/Junior+Puppy/Produkt.aspx
Description:
<br>• Impellerpumpe selbstansaugend, Saughöhe bis 1,50m.<br>• Förderleistung: 900l/h bei 3m.<br>• Anschlüsse: für 19mm Schlauch oder 3/8"  BSP Gewinde<br>• Maße: HxBxL 90 x 110 x 180mm<br>• Gewicht: 3kg<br>https://www.lankhorst-hohorst.de/Katalog/Wasser+und+Tanksysteme/Schwimmschalter+und+Bedienpaneele/Rule/ProduktGruppe.aspx
Description:
<br>Bei diesem zuverlässigen, quecksilberfreiem Lenzpumpenschalter sind alle elektrischen Komponenten weit vom Wasser installiert. Wenn der Wasserstand in der Bilge steigt, steigt in der Glocke und in der Leitung der Luftdruck und schaltet die Lenzpumpe an.<br>• Maße Glocke: 100 x 60 x 30mm<br>• Maße Schalter:  HxBxL 48 x 75 x 155mm<br>https://www.lankhorst-hohorst.de/Katalog/Wasser+und+Tanksysteme/Schwimmschalter+und+Bedienpaneele/Attwood/ProduktGruppe.aspx
Description:
<br>• Automatischer Schalter, geeignet für alle Pumpen bis 15A.<br>• Arbeitet auch bei einer Neigung von bis zu 35°.<br>• Maße: LxBxH 127 x 95 x 95mm.<br>https://www.lankhorst-hohorst.de/Katalog/Wasser+und+Tanksysteme/Schwimmschalter+und+Bedienpaneele/Talamex/ProduktGruppe.aspx
Description:
<br>Schaltet die Pumpe automatisch bei einem Wasserstand von 5cm ein.<br>• Für Pumpen bis 10A.<br>• Maße: 115 x 80mm,<br>• Anschlussschnur 1,60m.<br>https://www.lankhorst-hohorst.de/Katalog/Wasser+und+Tanksysteme/Schwimmschalter+und+Bedienpaneele/Rule-2/Schwimmschalter+Rule-A-Matic%c2%ae/Produkt.aspx
Description:
<br>• Maße: HxBxL 57 x 58 x 127mm<br>• für Rule Pumpen Typ 360 bis 2000<br>• für Pumpen bis 14A<br>• mit Sicherungshalter<br>• quecksilberfrei<br>https://www.lankhorst-hohorst.de/Katalog/Wasser+und+Tanksysteme/Schwimmschalter+und+Bedienpaneele/Rule-2/Schwimmschalter+SuperSwitch%e2%84%a2/Produkt.aspx
Description:
<br>• Maße: HxBxL 57 x 51 x 127mm<br>• für Rule Pumpen Typ 360 - 4000<br>• für Pumpen bis 20 A<br>• quecksilberfrei<br>https://www.lankhorst-hohorst.de/Katalog/Wasser+und+Tanksysteme/Schwimmschalter+und+Bedienpaneele/Rule-2/Schwimmschalter+Rule-A-Matic%c2%ae+Plus/Produkt.aspx
Description:
<br>• Maße: HxBxL 76 x 64 x 137mm<br>• für Rule Pumpen Typ 360 bis 4000<br>• für alle Pumpen bis max. 20 A<br>• quecksilberfrei<br>• Funktion kann von Hand geprüft werden<br>• trittfeste Schutzkappe<br>https://www.lankhorst-hohorst.de/Katalog/Wasser+und+Tanksysteme/Schwimmschalter+und+Bedienpaneele/Rule-2/Rule+3-Wege+Schaltpaneel/Produkt.aspx
Description:
<br>Steuert jede Pumpe, die mit einem Schwimmschalter ausgerüstet ist. Er besteht aus einem schwarzen Kunststoff-Paneel mit integriertem Sicherungshalter und 3-Wege-Wippschalter für die Positionen Automatik - Aus - Handbetrieb. Aus der Stellung Handbetrieb stellt der Schalter sich durch Federdruck in die Aus-Position zurück.<br>• Maße HxB 60 x 73mm.<br>https://www.lankhorst-hohorst.de/Katalog/Wasser+und+Tanksysteme/Schwimmschalter+und+Bedienpaneele/Talamex-2/Lenzpumpen-Bedienpaneel/Produkt.aspx
Description:
<br>Stromlinienförmige, spritzwasserdichte Abdeckplatte.<br>Beleuchteter Kippschalter.<br>Maße: 76 x 63mm.<br>https://www.lankhorst-hohorst.de/Katalog/Wasser+und+Tanksysteme/Schwimmschalter+und+Bedienpaneele/Talamex-2/Lenzpumpen-Bedienpaneel+mit+Alarm/Produkt.aspx
Description:
<br>• Beleuchteter Kippschalter.<br>• Maße 119 x 68,5mm.<br>https://www.lankhorst-hohorst.de/Katalog/Wasser+und+Tanksysteme/Schwimmschalter+und+Bedienpaneele/Rule-3/ProduktGruppe.aspx
Description:
<br>Set aus einem Schwimmerschalter Typ 40 und einem Alarmgeber Ø 60mm für den Einbau im Armaturenbrett. Akustischer (85dB) und visueller Alarm. Zur Überwachung mehrerer Stellen kann ein weiterer Rule Schwimmerschalter montiert werden.<br>https://www.lankhorst-hohorst.de/Katalog/Wasser+und+Tanksysteme/Handlenzpumpen/Jabsco/Handlenzpumpen+Amazon/Produkt.aspx
Description:
<br><br>• selbstansaugend<br>• hochfester IXEF-Hebel mit Bohrung für Sicherheitsleine<br>• 25 oder 38mm (1" oder 1-1/2") Schlauchanschluss<br>• komplett korrosionsbeständig<br>• vielfältige Montagemöglichkeiten<br>https://www.lankhorst-hohorst.de/Katalog/Wasser+und+Tanksysteme/Handlenzpumpen/Jabsco/Amazon+Aufdeck/Produkt.aspx
Description:
<br>• für Deck- oder Schottmontage<br>• Förderleistung 45l/min.<br>• Schlauchanschluss 25mm (1")<br>• selbstansaugend bis 4,00m<br>• HxBxL 120 x 180 x 200mm<br>https://www.lankhorst-hohorst.de/Katalog/Wasser+und+Tanksysteme/Handlenzpumpen/Jabsco/Amazon+Unterdeck/Produkt.aspx
Description:
<br>• für die Montage hinter der Schottwand bzw. unter Deck.<br>• Förderleistung 50l/min.<br>• selbstansaugend bis 5m<br>• einschließlich Abdeckklappe<br>• HxBxT 250 x 110 x 120mm<br>https://www.lankhorst-hohorst.de/Katalog/Wasser+und+Tanksysteme/Handlenzpumpen/Jabsco/Amazon+Warrior/Produkt.aspx
Description:
<br>• für Deck- und Unterdeckmontage<br>• robuste Ausführung mit Aluminiumkörper und abnehmbarem Metallhebel<br>• Förderleistung 135l/min<br>• Schlauchanschluss: 38mm (1-1/2")<br>• selbstansaugend bis 5,50m<br>• für Montage- und Deckplatte siehe Zubehör<br>• HxBxT 240 x 355 x 200mm<br>https://www.lankhorst-hohorst.de/Katalog/Wasser+und+Tanksysteme/Handlenzpumpen/Jabsco/Amazon+Universal/Produkt.aspx
Description:
<br>• Montage vor oder hinter der Schottwand bzw. auf oder unter Deck<br>•  als Zubehör lieferbar: Abdeckklappe, 360° drehbarer Schlauchanschluss 38 mm<br>•  Förderleistung 100 l/min.<br>• Schlauchanschluss 38mm (1-1/2")<br>• selbstansaugend bis 3,00m.<br>• HxBxT 240 x 240 x 150mm<br>https://www.lankhorst-hohorst.de/Katalog/Wasser+und+Tanksysteme/Handlenzpumpen/Jabsco/Zubeh%c3%b6r+Amazon+Handlenzpumpe/Produkt.aspx
Description:
<br><br>https://www.lankhorst-hohorst.de/Katalog/Wasser+und+Tanksysteme/Handlenzpumpen/Talamex/Talamex+Handlenzpumpe/Produkt.aspx
Description:
<br>• 25mm (1") Schlauchanschluss<br>• fester Hebel<br>• 10l/min bei 30 Schlägen pro Minute, selbstansaugend<br>• Maße: 180 x 125 x 75mm<br>https://www.lankhorst-hohorst.de/Katalog/Wasser+und+Tanksysteme/Handlenzpumpen/Talamex/Talamex+Handlenzpumpe+HD/Produkt.aspx
Description:
<br>• Kunststoffpumpe<br>• 25mm (1") Schlauchanschluss, abnehmbarer Hebel<br>• 22l/min. bei 30 Schlägen pro Minute,  selbstansaugend<br>• Materialstärke bei Unterdeckmontage 5 bis 19mm<br>• mit Befestigungsklammern für Pumpenhebel<br>• Maße: 230 x 210 x 130mm<br>https://www.lankhorst-hohorst.de/Katalog/Wasser+und+Tanksysteme/Handlenzpumpen/Unimer/ProduktGruppe.aspx
Description:
<br>• wird am Festmacher montiert<br>• kein elektrischer Anschluss erforderlich, lenzt selbstständig<br>• Zugkraft: 1.500daN<br>• Max. Reichweite: 8m<br>https://www.lankhorst-hohorst.de/Katalog/Wasser+und+Tanksysteme/Handlenzpumpen/Talamex-2/ProduktGruppe.aspx
Description:
<br>Ölabsaugpumpe, die auch als Bilgepumpe für schwer zugängliche Kielraumbereiche verwendet werden kann. Das Set enthält: Saugschlauch 6,5mm x 120cm, Saugschlauch 8,3mm x 120cm, Ablaufschlauch 15,8mm x 244cm, 2 Kappen zum Schließen der Pumpenausgänge und 2 Schlauchadapter zum Anschluss der mitgelieferten oder anderen Schläuche. Nicht für Benzin oder Diesel geeignet.<br>https://www.lankhorst-hohorst.de/Katalog/Wasser+und+Tanksysteme/Handlenzpumpen/Trem/Handlenzpumpe/Produkt.aspx
Description:
<br>• aus öl- und benzinbeständigem Kunststoff<br>• Farbe: blau/orange<br>• Ein- und Auslass Ø 20mm<br>• mit Ablaufschlauch<br>• Ansaugstutzen separat bestellen<br>https://www.lankhorst-hohorst.de/Katalog/Wasser+und+Tanksysteme/Handlenzpumpen/Trem/%c3%96sfass/Produkt.aspx
Description:
<br>• robustes thermoplastisches Material, bis -30°C verwendbar<br>• geeignet für Rettungsinseln<br>• Länge 20cm<br>• Farbe: weiß<br>• verpackt zu 6 Stück<br>https://www.lankhorst-hohorst.de/Katalog/Wasser+und+Tanksysteme/Toiletten/JABSCO/Marine+Toilette+Twist%27n%27Lock/Produkt.aspx
Description:
<br>• Twist- und Lock System<br>• weiße keramische Becken (Hygiene)<br>• weiß beschichtete Sitze und Deckel<br>• Pumpe aus Polyprop links und rechts montierbar<br>• für den Einbau oberhalb- und unterhalb der Wasserlinie<br>• Süß- und Salzwasser geeignet<br>• doppelt wirkend, selbstansaugende Pumpe<br>• ergonomischer und verriegelbarer Pumpenhandgriff<br>• automatische Vacuumunterbrechung<br>• einfache Montage, sichere Ersatzteilversorgung<br>https://www.lankhorst-hohorst.de/Katalog/Wasser+und+Tanksysteme/Toiletten/JABSCO/Einbauschema+f%c3%bcr+Pumpentoilette/Produkt.aspx
Description:
<br><br>Montage unter der Wasserlinie. Die Zu- und Abwasserleitungen müssen mit einem Schwanenhals über die höchstmögliche Wasserlinie montiert werden. Siehe Skizze.<br>Montage über der Wasserlinie. Beachten, dass der Spülwasseranschluss mindestens 20 cm unterhalb der Wasserlinie montiert wird.<br>:<br>Es wird dringend empfohlen, die Außenbordventile außerhalb der Nutzung stets geschlossen zu halten. Der Einlass soll 50cm vor dem Auslass montiert werden. Vor dem Spülwassereinlass sollte ein Sieb montiert werden.<br>https://www.lankhorst-hohorst.de/Katalog/Wasser+und+Tanksysteme/Toiletten/JABSCO/Ersatzteile+f%c3%bcr+Jabsco+Toiletten+80%c2%b7116%c2%b7000%c2%a7001/Produkt.aspx
Description:
<br><br>https://www.lankhorst-hohorst.de/Katalog/Wasser+und+Tanksysteme/Toiletten/JABSCO/Bel%c3%bcftungsventil/Produkt.aspx
Description:
<br>Belüftete Ventile für das Toilettensystem.<br>Bei Einbau unter der Wasserlinie, den Spülwassereinlass mit 19mm und Wasserauslass mit 38mm Ventil versehen. Bei Einbau über der Wasserlinie nur ein 38mm Ventil einbauen.<br>https://www.lankhorst-hohorst.de/Katalog/Wasser+und+Tanksysteme/Toiletten/JABSCO/Magnetventil/Produkt.aspx
Description:
<br>Elektrisches, relaisgesteuertes Magnetventil (für Belüftungsventil 80.116.119 - 80.116.138) für den Einbau bei elektrischen Toiletten.<br>https://www.lankhorst-hohorst.de/Katalog/Wasser+und+Tanksysteme/Toiletten/JABSCO/Umbausatz+elektrische+Pumpe/Produkt.aspx
Description:
<br>Elektrisches Umbauset für Toilette 80.116.000 und 80.116.001<br><br>• Maße: HxBxT 270 x 87 x 150mm<br>• Gewicht: 3,6kg<br>https://www.lankhorst-hohorst.de/Katalog/Wasser+und+Tanksysteme/Toiletten/JABSCO/Unterbausatz/Produkt.aspx
Description:
<br>Besteht aus elektrischer Pumpe und Unterteil zum Umbau für Toilette 80.116.000 und 80.116.001 auf Elektrobetrieb.<br>https://www.lankhorst-hohorst.de/Katalog/Wasser+und+Tanksysteme/Toiletten/JABSCO/Jabsco+Elektrotoiletten/Produkt.aspx
Description:
<br><br><br>https://www.lankhorst-hohorst.de/Katalog/Wasser+und+Tanksysteme/Toiletten/JABSCO/Lite+Flush+Elektrotoilette/Produkt.aspx
Description:
<br>• Lite Flush elektrische Toilette<br>• raumsparende, kompakte Toilette<br>• verbraucht weniger als 1A/Std. pro Tag<br>•<br>• Maße: BxHxT 401 x 373 x 402mm<br>• ISO 8846<br>https://www.lankhorst-hohorst.de/Katalog/Wasser+und+Tanksysteme/Toiletten/JABSCO/Quiet+Flush+Elektrotoilette/Produkt.aspx
Description:
<br>• sehr leise elektrische Toilette<br>• mit 3-Wege-Schalter für Wasserniveaukontrolle<br>• Ausführung mit Magnetventil ist für interne Spülsysteme geeignet, z.B. Spülwasser aus dem Frischwassertank und sichert den Trinkwassertank gegen zurücklaufendes Wasser ab.<br>• geeignet für jede automatische Wasserpumpe mit einer Kapazität von  13,5l/min. oder mehr.<br>• Ausführung mit PAR-Max 4.0 Pumpe spült mit Seewasser.<br>https://www.lankhorst-hohorst.de/Katalog/Wasser+und+Tanksysteme/Toiletten/JABSCO/Elektrotoilette/Produkt.aspx
Description:
<br>• Becken aus weißer Glaskeramik in zwei Größen<br>• Befestigungsmaterial aus Edelstahl oder Bronze<br>• Spülpumpe selbstansaugend bis 1,2m<br>• kann bis 1m unter Wasserlinie montiert werden<br>• eingebauter Rückflussverhinderer<br>• Einlassanschluss: 16mm (5/8") oder 19mm (3/4")<br>• Auslassanschluss: 25mm (1") oder 32mm (1-1/2")<br>•<br>• Maße: HxBxT 351 x 352 x 450mm<br>• Gewicht: 15,4kg<br>•<br>• Maße: HxBxT 370 x 380 x 470mm<br>• Gewicht: 17,3kg<br>https://www.lankhorst-hohorst.de/Katalog/Wasser+und+Tanksysteme/Toiletten/JABSCO/Deluxe+Flush+17%c2%a8++Elektrotoilette/Produkt.aspx
Description:
<br>• Topmodell aus dem Jabsco Toilettenprogramm<br>• Touchpaneel für minimalem Wasserverbrauch<br>• Modelle mit Frischwasser- oder Seewasserspülung<br>• lieferbar mit gerader oder abgeschrägter Rückseite<br>• Schlauchanschlüsse: 19mm (3/4")  Einlass, 38mm (1-1/2") Auslass<br>• Maße: HxBxT 445 x 375 x 450mm<br>https://www.lankhorst-hohorst.de/Katalog/Wasser+und+Tanksysteme/Toiletten/JABSCO/Deluxe+Flush+14%c2%a8++Elektrotoilette/Produkt.aspx
Description:
<br>• Stilvolle, raumsparende Toilette mit<br>.<br>• Braucht weniger als 1A/Std. pro Tag.<br>• Mit Magnetventil, für den Gebrauch mit Spülwassertank, außer 80.133.512.<br>• Schlauchanschlüsse: 19mm (3/4")  Einlass, 38mm (1-1/2") Auslass<br>• Maße: HxBxT 366 x 375 x 450mm<br>• ISO 8846.<br>https://www.lankhorst-hohorst.de/Katalog/Wasser+und+Tanksysteme/Toiletten/Dometic/Masterflush+Toilette/Produkt.aspx
Description:
<br>Elektrotoilette mit 360° ORBIT Sockel-Technologie in in zwei Höhen, 12V oder 24V, Frischwasser- oder Seewasserspülung.<br><br>Hochwertiges Keramikbecken. 360° ORBIT-Installation zur Fixierung des Sockels in jedem beliebigen Winkel zum Becken. Sockel passt perfekt an bestehende Anschlüsse gängiger Toilettenmodelle. Hocheffizientes Zerhackersystem mit 10-blättrigem 2-Stufen-Edelstahlschneiderad. Frischwasser-Modelle: Integriertes elektrisches Wasserventil.<br><br>• maximaler Komfort, minimaler Platzbedarf<br>• einbrennlackierter Holzsitz mit gerundeter Front; Sitzgröße wie bei einer Haushaltstoilette<br>• eleganter Übergang zwischen Sitz und Becken<br>• 360° ORBIT-Installation<br>• passt perfekt an bestehende Anschlüsse gängiger Toilettenmodelle !<br>• durchgehender, flacher Beckenvorsprung: Anschlüsse sind von oben nicht sichtbar<br>• hocheffizientes Zerhackersystem<br>• geringer Wasser- und Energieverbrauch<br>https://www.lankhorst-hohorst.de/Katalog/Wasser+und+Tanksysteme/Toiletten/Dometic/Masterflush+Toliette+extraleise/Produkt.aspx
Description:
<br>Mit extern montierbarer Seewasserpumpe. Das clevere Installationskonzept sorgt für einen extra leisen Betrieb und damit für ein wirklich "stilles Örtchen".<br><br>Eigenschaften:<br>• Externe Seewasserpumpe für leisen Betrieb.<br>• Kraftvolle Pumpenleistung ermöglicht den Einbau außerhalb der Nasszelle<br>• Starker Durchfluss und Filtersieb am Wassereinlass für eine robuste, zuverlässig reinigende Spülung des Toilettenbeckens.<br>https://www.lankhorst-hohorst.de/Katalog/Wasser+und+Tanksysteme/Toiletten/Dometic/Dometic+tragbare+Toilette/Produkt.aspx
Description:
<br>Dank einer starken Druckspülung arbeiten diese Toiletten sehr effektiv. Das Spülwasser befindet sich im obersten Tank und wird unter Druck gebracht, so braucht man nicht für jede Spülung zu pumpen. Das Modell 972 hat einen Schmutzwassertank von 9,8l, das Modell 976 sogar von 18,9l.<br><br>Lieferbar in den Farben grau und beige.<br><br>Maße:<br>Modell 972 HxBxT 317 x 333 x 387mm<br>Modell 976 HxBxT 387 x 333 x 387mm<br>https://www.lankhorst-hohorst.de/Katalog/Wasser+und+Tanksysteme/F%c3%a4kalienpumpen/Jabsco/Membran-F%c3%a4kalienpumpe/Produkt.aspx
Description:
<br>• 360° drehbarer Pumpenkopf, mit 38mm Anschlüssen<br>• selbstansaugend bis 3,00m Höhe<br>• Förderleistung: 19l/min.<br>• Maße: HxBxL 132 x 161 x 278mm<br>• Gewicht: 3,2kg<br>https://www.lankhorst-hohorst.de/Katalog/Wasser+und+Tanksysteme/F%c3%a4kalienpumpen/Jabsco/F%c3%a4kalienpumpe+mit+Zerhacker/Produkt.aspx
Description:
<br>• Förderleistung 43l/min<br>• Zulauf: 38mm und 1-1/2"NPT<br>• Auslauf: 25mm<br>• Maße: HxBxL 95 x 120 x 290mm<br>• Gewicht: 2,3kg<br>https://www.lankhorst-hohorst.de/Katalog/Wasser+und+Tanksysteme/Tanks/Absatz.aspx
Description:
<br>Abwassertank zur Lagerung von Toilettenabwasser bis zur Entsorgung an Land oder auf See<br>• auslaufsicheres, geruchsdichtes System aus langlebigem Polyethylen<br>• vormontierte, geprüfte Anschlüsse – einfach und sicher zu installieren<br>• flexibles Einlass-/Auslasssystem<br>• Unterdruckentlastungsventil verhindert Pumpenschäden durch leistungsstarke Vakuumpumpen im Hafen<br>• 5 Modelle von 42 bis 137 Liter<br>https://www.lankhorst-hohorst.de/Katalog/Wasser+und+Tanksysteme/Filter/Microvent/Aktivkohlefilter+f%c3%bcr+F%c3%a4kaliensysteme/Produkt.aspx
Description:
<br>Der speziell entwickelte Filter verhindert das Austreten von Gasen und unerwünschten Gerüchen an die Außenluft. Ermöglicht jedoch die erforderliche Be- und Entlüftung des Tanks um Gasdruckaufbau zu verhindern. 38mm Anschluss.<br>https://www.lankhorst-hohorst.de/Katalog/Wasser+und+Tanksysteme/Filter/Microvent/Aktivkohlefilter/Produkt.aspx
Description:
<br>Aktivkohlefilter für Schmutzwassertank mit Befestigungsbügel.<br>Schlauchanschluss Ø 20/25mm.<br>Länge 200mm.<br>https://www.lankhorst-hohorst.de/Katalog/Wasser+und+Tanksysteme/Tankentl%c3%bcfter/Absatz.aspx
Description:
<br><br>https://www.lankhorst-hohorst.de/Katalog/Wasser+und+Tanksysteme/Tankanzeigen/Wema-System/F%c3%bcllstandsanzeige+Schmutzwassertank/Produkt.aspx
Description:
<br>• Tankanzeige Typ HTG<br>• 12/24V<br>• Instrument Ø 58mm<br>• Einbaumaß Ø 52mm<br>• 240-33 Ohm<br>https://www.lankhorst-hohorst.de/Katalog/Wasser+und+Tanksysteme/Tankanzeigen/Wema-System/Geber+f%c3%bcr+Schmutzwassertank+S3H/Produkt.aspx
Description:
<br>• 12/24V<br>• Gewinde 1-1/4" BSP<br>• Edelstahl AISI 316 / A4<br>• selbstreinigend<br>• 240-30 Ohm<br>https://www.lankhorst-hohorst.de/Katalog/Wasser+und+Tanksysteme/Tankanzeigen/Wema-System/Tankanzeigen+f%c3%bcr+Wasser/Produkt.aspx
Description:
<br>• für alle Tanksysteme<br>• einfache Montage<br>• 12/24V<br>• Instrument Ø 58mm<br>• Einbaumaß Ø 52mm<br>• 0-190 Ohm<br>• Verbrauch: 130mA<br>• wahlweise rote oder gelbe Hintergrundbeleuchtung<br>https://www.lankhorst-hohorst.de/Katalog/Wasser+und+Tanksysteme/Tankanzeigen/Wema-System/Tankanzeigen+f%c3%bcr+Treibstoff/Produkt.aspx
Description:
<br>• für alle Tanksysteme<br>• einfache Montage<br>• 12/24V<br>• Instrument Ø 58mm<br>• Einbaumaß Ø 52mm<br>• 0-190 Ohm<br>• Verbrauch: 130mA<br>• wahlweise rote oder gelbe Hintergrundbeleuchtung<br>https://www.lankhorst-hohorst.de/Katalog/Wasser+und+Tanksysteme/Tankanzeigen/Wema-System/Geber+f%c3%bcr+Wasser+und+Treibstoff+S3+EU/Produkt.aspx
Description:
<br>• Edelstahl AISI 316 / A4<br>• 12/24V<br>• 1-1/4" BSP Gewinde<br>• Flansch-Ø 55mm<br>• mit 0,50m Kabel.<br>• EU Standard Widerstand 0-190 Ohm<br>https://www.lankhorst-hohorst.de/Katalog/Wasser+und+Tanksysteme/Tankanzeigen/Wema-System/Geber+f%c3%bcr+Wasser+und+Treibstoff+S3+US/Produkt.aspx
Description:
<br>• Edelstahl AISI 316 / A4<br>• 12/24V<br>• 1-1/4" BSP Gewinde<br>• Flansch-Ø 55mm<br>• mit 0,5m Kabel<br>• US Standard Widerstand 240-30 Ohm<br>https://www.lankhorst-hohorst.de/Katalog/Wasser+und+Tanksysteme/Tankanzeigen/Wema-System/Geber+f%c3%bcr+Wasser+und+Treibstoff+S5+EU/Produkt.aspx
Description:
<br>• VDO Anschluss<br>• mit 0,50m Kabel<br>• 12/24V<br>• Edelstahl AISI 316 / A4<br>• EU Standard Widerstand 0-190 Ohm<br>https://www.lankhorst-hohorst.de/Katalog/Wasser+und+Tanksysteme/Tankanzeigen/Wema-System/Geber+f%c3%bcr+Wasser+und+Treibstoff+S5+US/Produkt.aspx
Description:
<br>• VDO Anschluss<br>• mit 0,50m Kabel<br>• 12/24V<br>• Edelstahl AISI 316 / A4<br>• US Standard Widerstand 240-30 Ohm<br>https://www.lankhorst-hohorst.de/Katalog/Wasser+und+Tanksysteme/Tankanzeigen/Wema-System/Anzeigeger%c3%a4te+Silber+Serie/Produkt.aspx
Description:
<br>Serie von Anzeigegeräten mit Zierring aus Edelstahl.<br>• Instrument Ø 58mm<br>• Einbaumaß Ø 52mm<br>https://www.lankhorst-hohorst.de/Katalog/Wasser+und+Tanksysteme/Tankanzeigen/Wema-System/Flansch+1-1%c2%a74%c2%a8+Edelstahl/Produkt.aspx
Description:
<br>• Flansch für S3H/S3 Geber<br>• 1-1/4" BSP Gewinde<br>• mit 6 Schrauben<br>https://www.lankhorst-hohorst.de/Katalog/Wasser+und+Tanksysteme/Tankanzeigen/Wema-System/Flansch+1-1%c2%a74%c2%a8+Nylon/Produkt.aspx
Description:
<br>• für S3 Geber<br>• mit 1-1/4" BSP Gewinde<br>https://www.lankhorst-hohorst.de/Katalog/Wasser+und+Tanksysteme/Tankanzeigen/Wema-System/Spezialflansch/Produkt.aspx
Description:
<br>• Ø 115mm<br>• mit Tankbelüftung<br>• mit Loch für die Montage von S3 Gebern mit 1-1/4" BSP-Gewinde<br>https://www.lankhorst-hohorst.de/Katalog/Wasser+und+Tanksysteme/Tankanzeigen/Wema-System/Kontermutter+1-1%c2%a74%c2%a8+Edelstahl/Produkt.aspx
Description:
<br>• für S3 Geber<br>• mit 1-1/4" BSP Gewinde.<br>https://www.lankhorst-hohorst.de/Katalog/Wasser+und+Tanksysteme/Tankanzeigen/Wema-System/Unterbauflansch+Edelstahl/Produkt.aspx
Description:
<br>• für S5 Geber<br>• 5 Schrauben<br>https://www.lankhorst-hohorst.de/Katalog/Wasser+und+Tanksysteme/Tankanzeigen/Wema-System/Wasseralarm/Produkt.aspx
Description:
<br>• Alarmsummer für die Montage im Armaturenbrett<br>• löst Alarm aus, wenn sich Wasser in der Bilge sammelt<br>https://www.lankhorst-hohorst.de/Katalog/Wasser+und+Tanksysteme/Tankanzeigen/Wema-System/Bilgepumpenschalter/Produkt.aspx
Description:
<br>• komplett mit Relais, 20A<br>• schaltet Lenzpumpe automatisch ein und aus<br>• Einschalthöhe 80mm<br>• 12V<br>• ohne Alarm<br>https://www.lankhorst-hohorst.de/Katalog/Wasser+und+Tanksysteme/Tankanzeigen/Wema-System/Wema+Anzeiger+f%c3%bcr+Wassertemperatur/Produkt.aspx
Description:
<br>• Anzeigebereich 25°-120°C<br>• 12/24V<br>• Instrument Ø 58mm<br>• Einbaumaß Ø 52mm<br>• 450-23 Ohm<br>https://www.lankhorst-hohorst.de/Katalog/Wasser+und+Tanksysteme/Schl%c3%a4uche/Talamex/Hei%c3%9fwasserschlauch/Produkt.aspx
Description:
<br>• Blauer EPDM-Kautschuk-Schlauch für Warmwasser (15bar) und Dampf (7bar)<br>• mit textiler Verstärkung<br>• innen weiße EPDM-Seele<br>• Lebensmittelqualität (FDA)<br>• geeignet für Warmwasser bis max. 120°C<br>• geeignet für Dampf bis max. 165°C<br>https://www.lankhorst-hohorst.de/Katalog/Wasser+und+Tanksysteme/Schl%c3%a4uche/Talamex/Talamex+Warmwasserschlauch+rot/Produkt.aspx
Description:
<br>• roter Heißwasserschlauch aus Gummi<br>• mit textiler Einlage<br>• innen schwarze Gummiseele<br>• max. Arbeitsdruck 10bar<br>• Temperaturbereich -10°C bis +60°C<br>•  vielseitig einsetzbar<br>https://www.lankhorst-hohorst.de/Katalog/Wasser+und+Tanksysteme/Schl%c3%a4uche/Talamex/Talamex+Trinkwasserschlauch+blau/Produkt.aspx
Description:
<br>• Kunststoffschlauch, Innen- und Außenseite glatt<br>• Lebensmittelqualität (EU-Vo 10/2011 + FDA), Phthalat-frei<br>• mit synthetischer Einlage zur Verstärkung<br>• gift- und cadmiumfrei<br>• max. Arbeitsdruck 15bar<br>https://www.lankhorst-hohorst.de/Katalog/Wasser+und+Tanksysteme/Schl%c3%a4uche/Talamex/Wasserschlauch+transparent/Produkt.aspx
Description:
<br>• kristallklarer  PVC-Schlauch ohne Einlage<br>• Lebensmittelqualität (FDA), Phthalat-frei<br>• geeignet für Flüssigkeiten oder Luft von -5° C bis + 60°C<br>https://www.lankhorst-hohorst.de/Katalog/Wasser+und+Tanksysteme/Schl%c3%a4uche/Talamex/Talamex+Wasserschlauch/Produkt.aspx
Description:
<br>• PVC-Schlauch für Flüssigkeiten oder Luft<br>• mit textiler Einlage zur Verstärkung<br>• Lebensmittelqualität (FDA) Phthalat-frei.<br>• Temperaturbereich -5°C bis +60°C<br>• max. Arbeitsdruck siehe Tabelle<br>https://www.lankhorst-hohorst.de/Katalog/Wasser+und+Tanksysteme/Schl%c3%a4uche/Talamex/Saug-Druckschlauch/Produkt.aspx
Description:
<br>• Saug- und Druckschlauch aus transparentem PVC<br>• mit Spirale aus rostfreiem Stahl<br>• abriebfest und ozonbeständig<br>• Lebensmittelqualität (FDA)<br>• Temperatur -5°C bis +60°C<br>• innen und außen glatt, sehr flexibel.<br>https://www.lankhorst-hohorst.de/Katalog/Wasser+und+Tanksysteme/Schl%c3%a4uche/Talamex/Saug-Druckschlauch-2/Produkt.aspx
Description:
<br>• transparenter PVC-Saug-Druckschlauch mit weißen Kunststoff-Spiralen<br>• Lebensmittelqualität (FDA), Phthalate frei<br>• geeignet für Wasser von -5°C bis +60°C<br>• max. Arbeitsdruck (WD) siehe Tabelle<br>• Geeignet für Vakuumanwendungen<br>• Schlauchdurchmesser geeignet für alle Rule Bilgenpumpen mit 29mm Schlauchanschluss<br>https://www.lankhorst-hohorst.de/Katalog/Wasser+und+Tanksysteme/Schl%c3%a4uche/Talamex/Marine+Sanit%c3%a4rschlauch+PVC/Produkt.aspx
Description:
<br>• Weißer PVC-Saug- und Druckschlauch<br>• für Sanitäranwendungen wie Zu- und Ablauf derToilette<br>• Temperaturbereich von -5°C bis +60°C<br>• max. Arbeitsdruck (WD) siehe Tabelle<br>• Geeignet für Vakuumanwendungen<br>https://www.lankhorst-hohorst.de/Katalog/Wasser+und+Tanksysteme/Schlauchschellen/JCS/Schlauchschellen+Hi-Grip/Produkt.aspx
Description:
<br>ISO 9093-1 Art. 7-2.<br>Edelstahl AISI 304 / A2 (Cr18Ni8), 1.4301 ISO 10088. British Standard Specification BS 5315. Zugelassen durch Lloyds und Nato für den Gebrauch an Bord von Schiffen. Abgerundete Kanten zum Schutz der Schläuche. ISO10088-6-6.<br>https://www.lankhorst-hohorst.de/Katalog/Wasser+und+Tanksysteme/Schlauchschellen/JCS/Multi-Torque+HD+Schlauchschellen/Produkt.aspx
Description:
<br>Edelstahl Schlauchklemmen 16mm breit für das Beklemmen von Schläuchen und ähnlichem von Ø 65mm bis Ø 350mm.<br>https://www.lankhorst-hohorst.de/Katalog/Wasser+und+Tanksysteme/Schlauchschellen/JCS/HI-Grip+Sortimentsbox/Produkt.aspx
Description:
<br><br>https://www.lankhorst-hohorst.de/Katalog/Wasser+und+Tanksysteme/Schlauchschellen/JCS/Schraubendreher/Produkt.aspx
Description:
<br>Speziell für das bequeme Befestigen von Schlauchschellen an schwer zugänglichen Stellen.<br>https://www.lankhorst-hohorst.de/Katalog/Wasser+und+Tanksysteme/Schlauchschellen/JCS/P-Clips+Edelstahl/Produkt.aspx
Description:
<br>ISO 10088<br>Schellen mit Gummischutzbelag, für die saubere und sichere Montage von Leitungen und Kabeln, Breite 15mm.<br>https://www.lankhorst-hohorst.de/Katalog/Wasser+und+Tanksysteme/Einf%c3%bcllstutzen/Talamex/Einf%c3%bcllstutzen/Produkt.aspx
Description:
<br>• ISO 11192<br>• Aluminium<br>• mit Delrindeckel<br>• mit versenkbarem Griff<br>• mit Schlauchanschluss<br>https://www.lankhorst-hohorst.de/Katalog/Wasser+und+Tanksysteme/Einf%c3%bcllstutzen/Talamex/Einf%c3%bcllstutzen-2/Produkt.aspx
Description:
<br>• ISO 11192<br>• Messing verchromt<br>• mit Delrindeckel<br>• mit versenkbarem Griff<br>• mit Schlauchanschluss<br>https://www.lankhorst-hohorst.de/Katalog/Wasser+und+Tanksysteme/Einf%c3%bcllstutzen/Talamex/Delrindeckel/Produkt.aspx
Description:
<br>• für Talamex-Einfüllstutzen 1-1/4"<br>• Deckel für Diesel und Wasser mit Kette<br>https://www.lankhorst-hohorst.de/Katalog/Wasser+und+Tanksysteme/Einf%c3%bcllstutzen/Talamex/Einf%c3%bcllstutzen-3/Produkt.aspx
Description:
<br>• Edelstahl AISI 316 / A4<br>• mit Zylinderschloss zum sicheren Verschließen<br>• Zylinderschloss aus korrosionsbeständigem Edelstahl<br>https://www.lankhorst-hohorst.de/Katalog/Wasser+und+Tanksysteme/Einf%c3%bcllstutzen/Talamex/Adapter+f%c3%bcr+Schmutzwassertankstutzen/Produkt.aspx
Description:
<br>Adapterstücke für Tankstutzen die nicht der ISO 8099 entsprechen und daher bisher nicht an eine Absauganlage angeschlossen werden konnten.<br>https://www.lankhorst-hohorst.de/Katalog/Wasser+und+Tanksysteme/Einf%c3%bcllstutzen/Talamex/Absaugstutzen+Schmutzwasser/Produkt.aspx
Description:
<br>• ISO 4567-82<br>• Messing<br>• mit Delrindeckel<br>https://www.lankhorst-hohorst.de/Katalog/Wasser+und+Tanksysteme/Einf%c3%bcllstutzen/Talamex/Absaugstutzen+Schmutzwasser-2/Produkt.aspx
Description:
<br>•ISO 8099<br>• Messing verchromt<br>https://www.lankhorst-hohorst.de/Katalog/Wasser+und+Tanksysteme/Einf%c3%bcllstutzen/Pfeiffer+Marine/Einf%c3%bcllstutzen/Produkt.aspx
Description:
<br>• Aluminium silberfarbig eloxiert<br>• Deckel mit Sicherungskette<br>• ohne Schlauchanschluss<br>• mit 1-1/4"  Gewinde für Adapterstück 18.626.032 (opitonal)  für 38mm Schlauch<br>https://www.lankhorst-hohorst.de/Katalog/Wasser+und+Tanksysteme/Einf%c3%bcllstutzen/Pfeiffer+Marine/Schlauchanschluss/Produkt.aspx
Description:
<br>• ISO 10088<br>• 1-1/4" Gewinde<br>• Schlauchanschluß  Ø 38mm<br>https://www.lankhorst-hohorst.de/Katalog/Wasser+und+Tanksysteme/Einf%c3%bcllstutzen/Talamex-2/ProduktGruppe.aspx
Description:
<br><br>https://www.lankhorst-hohorst.de/Katalog/Wasser+und+Tanksysteme/Au%c3%9fenbordanschl%c3%bcsse/Talamex/Einweg-Schlauchanschluss/Produkt.aspx
Description:
<br>• Wasserfluss nur in einer Richtung durch Rückschlagventil.<br>• Für Schläuche von 13-19 und 25mm.<br>• Temperaturbeständig  bis 70°C.<br>• Verpackt zu 5 Stück.<br>https://www.lankhorst-hohorst.de/Katalog/Wasser+und+Tanksysteme/Au%c3%9fenbordanschl%c3%bcsse/Talamex/Schlauchverbinder+universal/Produkt.aspx
Description:
<br><br>https://www.lankhorst-hohorst.de/Katalog/Wasser+und+Tanksysteme/Au%c3%9fenbordanschl%c3%bcsse/Talamex/Winkelst%c3%bcck+90%c2%b0+mit+2+Schlauchanschl%c3%bcssen/Produkt.aspx
Description:
<br>Für Schlauch 38mm (1-1/2"). Tüllenlänge: 51mm.<br>Verpackt zu 5 Stück<br>https://www.lankhorst-hohorst.de/Katalog/Wasser+und+Tanksysteme/Au%c3%9fenbordanschl%c3%bcsse/Talamex/Reduzierst%c3%bcck+1%c2%a72%c2%a8+und+3%c2%a78%c2%a8/Produkt.aspx
Description:
<br>Nylon. Ø 12 x 10mm.<br>https://www.lankhorst-hohorst.de/Katalog/Wasser+und+Tanksysteme/Au%c3%9fenbordanschl%c3%bcsse/Talamex/Y-Verbinder+3%c2%a78%c2%a8/Produkt.aspx
Description:
<br>Nylon Verteiler 10 x 10mm.<br>https://www.lankhorst-hohorst.de/Katalog/Wasser+und+Tanksysteme/Au%c3%9fenbordanschl%c3%bcsse/Talamex/Y-Verbinder+1%c2%a72%c2%a8/Produkt.aspx
Description:
<br>Nylon Verteiler 12 x 12mm.<br>https://www.lankhorst-hohorst.de/Katalog/Wasser+und+Tanksysteme/Au%c3%9fenbordanschl%c3%bcsse/Jabsco/ProduktGruppe.aspx
Description:
<br>Jabsco Y-Absperrhahn stabiles neues 2-Wege-Ventil für Toiletten- oder Bilgesysteme.<br>Mit zwei drehbaren Anschlüssen Ø 38mm.<br>https://www.lankhorst-hohorst.de/Katalog/Wasser+und+Tanksysteme/Au%c3%9fenbordanschl%c3%bcsse/Talamex-2/ProduktGruppe.aspx
Description:
<br>• Gehäuse aus Messing, vernickelt, mit hartverchromter Kugel und Dichtungen aus PTFE.<br>• Max. Druck 30bar.<br>• Beständig gegen Temperaturen von -20 bis +160°C.<br>https://www.lankhorst-hohorst.de/Katalog/Wasser+und+Tanksysteme/Au%c3%9fenbordanschl%c3%bcsse/Talamex-3/Schlauchanschluss+mit+Sechskant/Produkt.aspx
Description:
<br>Messing.<br>https://www.lankhorst-hohorst.de/Katalog/Wasser+und+Tanksysteme/Au%c3%9fenbordanschl%c3%bcsse/Talamex-3/Schlauchanschluss+mit+Au%c3%9fengewinde/Produkt.aspx
Description:
<br>Messing.<br>https://www.lankhorst-hohorst.de/Katalog/Wasser+und+Tanksysteme/Au%c3%9fenbordanschl%c3%bcsse/Talamex-3/Schlaucht%c3%bclle/Produkt.aspx
Description:
<br>Messing, 90° abgewinkelt, mit Außengewinde.<br>https://www.lankhorst-hohorst.de/Katalog/Wasser+und+Tanksysteme/Au%c3%9fenbordanschl%c3%bcsse/Foresti+Suardi/ProduktGruppe.aspx
Description:
<br>Messing. 3/4" Gewinde.<br>Länge: 75mm.<br>https://www.lankhorst-hohorst.de/Katalog/Wasser+und+Tanksysteme/Au%c3%9fenbordanschl%c3%bcsse/Talamex-4/Borddurchlass+Messing/Produkt.aspx
Description:
<br><br>https://www.lankhorst-hohorst.de/Katalog/Wasser+und+Tanksysteme/Au%c3%9fenbordanschl%c3%bcsse/Talamex-4/Deckablauf+flach/Produkt.aspx
Description:
<br>Flacher Deckabfluss aus glasfaserverstärktem Acetal mit polierter Edelstahlkappe. Der Deckablauf hat einen 25cm Schlauchanschluss und einen Ausschnittdurchmesser von 40mm. Für eine einfache Reinigung ist die Edelstahlkappe abnehmbar. Geeignet für Deckstärken von 10-28mm. Es werden Abstandringe für dünnere Deckstärken mitgeliefert.<br>https://www.lankhorst-hohorst.de/Katalog/Wasser+und+Tanksysteme/Au%c3%9fenbordanschl%c3%bcsse/Talamex-4/Au%c3%9fenbordanschluss/Produkt.aspx
Description:
<br>Messing, verchromt.<br>https://www.lankhorst-hohorst.de/Katalog/Wasser+und+Tanksysteme/Au%c3%9fenbordanschl%c3%bcsse/Talamex-5/Au%c3%9fenbordanschluss/Produkt.aspx
Description:
<br>Aus weißem Acetal.<br>Nur für den Gebrauch über der Wasserlinie.<br>https://www.lankhorst-hohorst.de/Katalog/Wasser+und+Tanksysteme/Au%c3%9fenbordanschl%c3%bcsse/Talamex-5/Au%c3%9fenborddurchlass+Edelstahl/Produkt.aspx
Description:
<br>Edelstahl Guss 316 AISI / A4 für mehr Stabilität und Korrosionsschutz. Polierter Flansch.<br>Gemäß ABYC Vorschriften für Unterwassergebrauch.<br>https://www.lankhorst-hohorst.de/Katalog/Wasser+und+Tanksysteme/Au%c3%9fenbordanschl%c3%bcsse/Attwood/Durchf%c3%bchrung+mit+R%c3%bcckschlagventil/Produkt.aspx
Description:
<br>• aus weißem Kunststoff<br>• mit Rückschlagklappe<br>• Durchgang Ø: 2"<br>• Max. Rumpfstärke 3-1/8"<br>• Ø: 2-7/8"<br>• Länge: 6-1/4"<br>• SchlauchØ: 1-1/2"<br>https://www.lankhorst-hohorst.de/Katalog/Wasser+und+Tanksysteme/Au%c3%9fenbordanschl%c3%bcsse/Attwood/R%c3%bcckschlagventil/Produkt.aspx
Description:
<br>Ersatz für Art. 17.616.032<br>https://www.lankhorst-hohorst.de/Katalog/Wasser+und+Tanksysteme/Au%c3%9fenbordanschl%c3%bcsse/Rule/ProduktGruppe.aspx
Description:
<br>Speziell für Rule- und Jabsco-Bilgepumpen.<br>https://www.lankhorst-hohorst.de/Katalog/Wasser+und+Tanksysteme/Au%c3%9fenbordanschl%c3%bcsse/Talamex-6/Ersatzstopfen+universell/Produkt.aspx
Description:
<br>Ein universell anwendbarer Ersatzstopfen, der leicht in die Lenzöffnung eingedreht werden kann. Durch Umlegen des Hebels dehnt sich der Stopfen aus und dichtet dann wie ein Schnellverschluss.<br>https://www.lankhorst-hohorst.de/Katalog/Wasser+und+Tanksysteme/Au%c3%9fenbordanschl%c3%bcsse/Talamex-6/Decksdurchf%c3%bchrung/Produkt.aspx
Description:
<br><br>https://www.lankhorst-hohorst.de/Katalog/Wasser+und+Tanksysteme/Au%c3%9fenbordanschl%c3%bcsse/Talamex-6/Ersatzstopfen+Decksdurchf%c3%bchrung/Produkt.aspx
Description:
<br>Ersatzstopfen geeignet für 17.800.636, 17.800.638, RF737 und RF294<br>https://www.lankhorst-hohorst.de/Katalog/Wasser+und+Tanksysteme/Au%c3%9fenbordanschl%c3%bcsse/Ronstan/Lenzventil/Produkt.aspx
Description:
<br>Wird ohne Dichtung geliefert.<br>https://www.lankhorst-hohorst.de/Katalog/Wasser+und+Tanksysteme/Au%c3%9fenbordanschl%c3%bcsse/Ronstan/Dichtung+f%c3%bcr+Lenzventil/Produkt.aspx
Description:
<br><br>https://www.lankhorst-hohorst.de/Katalog/Wasser+und+Tanksysteme/Au%c3%9fenbordanschl%c3%bcsse/Ronstan/Decksdurchf%c3%bchrung/Produkt.aspx
Description:
<br>Buchse, Messing, verchromt oder Kunststoff.<br>Stopfen Plastik mit Sicherung.<br>https://www.lankhorst-hohorst.de/Katalog/Wasser+und+Tanksysteme/Au%c3%9fenbordanschl%c3%bcsse/Ronstan/Ersatzstopfen+RF738/Produkt.aspx
Description:
<br>Ersatzstopfen für RF 737 und RF294.<br>https://www.lankhorst-hohorst.de/Katalog/Wasser+und+Tanksysteme/Au%c3%9fenbordanschl%c3%bcsse/Ronstan/Decksdurchf%c3%bchrung+PNP242/Produkt.aspx
Description:
<br>Nylon.<br>Loch Ø: 19mm.<br>Einbaumaß: Ø 25mm<br>https://www.lankhorst-hohorst.de/Katalog/Wasser+und+Tanksysteme/Au%c3%9fenbordanschl%c3%bcsse/Trem/Decksdurchf%c3%bchrung/Produkt.aspx
Description:
<br>• Kunststoff.<br>• Buchse und Stopfen Ø 16mm.<br>• Abschraubbar.<br>https://www.lankhorst-hohorst.de/Katalog/Wasser+und+Tanksysteme/Au%c3%9fenbordanschl%c3%bcsse/Trem/Decksdurchf%c3%bchrung-2/Produkt.aspx
Description:
<br>• Kunststoff.<br>• Für Lenzstopfen Ø 23mm.<br>https://www.lankhorst-hohorst.de/Katalog/Wasser+und+Tanksysteme/Au%c3%9fenbordanschl%c3%bcsse/Trem/Schnellverschluss/Produkt.aspx
Description:
<br>• Ø 23mm.<br>• Abdichtung durch Gummiklemmstück.<br>https://www.lankhorst-hohorst.de/Katalog/Wasser+und+Tanksysteme/Au%c3%9fenbordanschl%c3%bcsse/Talamex-7/ProduktGruppe.aspx
Description:
<br>• Ø 25mm.<br>• Messing.<br>• Stopfen Kunststoff.<br>